{"level":"info","message":"Database connected successfully.","timestamp":"2025-02-07T04:44:33.725Z"}
{"dns":"Unknown","errorCount":0,"eventsEmitted":0,"ipAddress":"Unknown","level":"info","message":"gRPC Request Started","method":"StreamCouponIssues","requestId":"req_1738903485791_3fndu5jc1","startTime":1738903485791,"status":"active","timestamp":"2025-02-07T04:44:45.791Z","type":"REQUEST_START","userAgent":"grpc-node-js/1.11.0-postman.1"}
{"level":"info","message":"streamCouponIssuesService called","timestamp":"2025-02-07T04:44:45.793Z","userPrefrences":{"brightness":"dark","languageCode":"en"}}
{"context":"streamCouponIssues","level":"info","message":"Stream initialization","timestamp":"2025-02-07T04:44:45.794Z","userPreferences":{"brightness":"dark","languageCode":"en","originalBrightness":"dark","originalLanguage":"en"}}
{"businessId":"MhzMLKQreybT0H8vDqrS","context":"streamCouponIssues","documentId":"2D4CJwOsavaHpWUzhw9T","documentNumber":1,"elapsedTime":1418,"level":"info","message":"Initial document emission","status":"active","timestamp":"2025-02-07T04:44:47.212Z"}
{"businessId":"MhzMLKQreybT0H8vDqrS","elapsedTime":1422,"eventNumber":1,"eventType":"COUPON_ISSUE","issueId":"2D4CJwOsavaHpWUzhw9T","level":"info","message":"Stream Event","requestId":"req_1738903485791_3fndu5jc1","status":"active","timestamp":"2025-02-07T04:44:47.213Z","type":"STREAM_EVENT"}
{"businessId":"4zhnt6wR8eUYIuONrSzy","context":"streamCouponIssues","documentId":"2xVZqS1RW57HfgRixyUn","documentNumber":2,"elapsedTime":1426,"level":"info","message":"Initial document emission","status":"ended","timestamp":"2025-02-07T04:44:47.220Z"}
{"businessId":"4zhnt6wR8eUYIuONrSzy","elapsedTime":1429,"eventNumber":2,"eventType":"COUPON_ISSUE","issueId":"2xVZqS1RW57HfgRixyUn","level":"info","message":"Stream Event","requestId":"req_1738903485791_3fndu5jc1","status":"ended","timestamp":"2025-02-07T04:44:47.220Z","type":"STREAM_EVENT"}
{"businessId":"IHdlm4LTNAdmLYrWqMPA","context":"streamCouponIssues","documentId":"cF5Fme59zf3UCQdwvCb9","documentNumber":3,"elapsedTime":1426,"level":"info","message":"Initial document emission","status":"ended","timestamp":"2025-02-07T04:44:47.220Z"}
{"businessId":"IHdlm4LTNAdmLYrWqMPA","elapsedTime":1430,"eventNumber":3,"eventType":"COUPON_ISSUE","issueId":"cF5Fme59zf3UCQdwvCb9","level":"info","message":"Stream Event","requestId":"req_1738903485791_3fndu5jc1","status":"ended","timestamp":"2025-02-07T04:44:47.221Z","type":"STREAM_EVENT"}
{"businessId":"mJdJI31rLdmH5R7RZ6XH","context":"streamCouponIssues","documentId":"2j5rx057Q9cdwl3kZAA9","documentNumber":4,"elapsedTime":1428,"level":"info","message":"Initial document emission","status":"active","timestamp":"2025-02-07T04:44:47.222Z"}
{"businessId":"mJdJI31rLdmH5R7RZ6XH","elapsedTime":1431,"eventNumber":4,"eventType":"COUPON_ISSUE","issueId":"2j5rx057Q9cdwl3kZAA9","level":"info","message":"Stream Event","requestId":"req_1738903485791_3fndu5jc1","status":"active","timestamp":"2025-02-07T04:44:47.222Z","type":"STREAM_EVENT"}
{"businessId":"Em2g6Py18uJWsOEx5LqJ","context":"streamCouponIssues","documentId":"PNn1gBg9B2jafN7wYXYY","documentNumber":5,"elapsedTime":1428,"level":"info","message":"Initial document emission","status":"ended","timestamp":"2025-02-07T04:44:47.222Z"}
{"businessId":"Em2g6Py18uJWsOEx5LqJ","elapsedTime":1431,"eventNumber":5,"eventType":"COUPON_ISSUE","issueId":"PNn1gBg9B2jafN7wYXYY","level":"info","message":"Stream Event","requestId":"req_1738903485791_3fndu5jc1","status":"ended","timestamp":"2025-02-07T04:44:47.222Z","type":"STREAM_EVENT"}
{"businessId":"YwEJlCJ7EcIsedTvPxpS","context":"streamCouponIssues","documentId":"UOxNaY3R0N5USkF4QjPS","documentNumber":6,"elapsedTime":1429,"level":"info","message":"Initial document emission","status":"ended","timestamp":"2025-02-07T04:44:47.223Z"}
{"businessId":"YwEJlCJ7EcIsedTvPxpS","elapsedTime":1432,"eventNumber":6,"eventType":"COUPON_ISSUE","issueId":"UOxNaY3R0N5USkF4QjPS","level":"info","message":"Stream Event","requestId":"req_1738903485791_3fndu5jc1","status":"ended","timestamp":"2025-02-07T04:44:47.223Z","type":"STREAM_EVENT"}
{"businessId":"LwQQSnp4aqGChUiyTWz8","context":"streamCouponIssues","documentId":"U8jlWXm4G1ONsm19dEsj","documentNumber":7,"elapsedTime":1429,"level":"info","message":"Initial document emission","status":"ended","timestamp":"2025-02-07T04:44:47.223Z"}
{"businessId":"LwQQSnp4aqGChUiyTWz8","elapsedTime":1432,"eventNumber":7,"eventType":"COUPON_ISSUE","issueId":"U8jlWXm4G1ONsm19dEsj","level":"info","message":"Stream Event","requestId":"req_1738903485791_3fndu5jc1","status":"ended","timestamp":"2025-02-07T04:44:47.223Z","type":"STREAM_EVENT"}
{"businessId":"GqR4QGrCo77PbyfG5XtX","context":"streamCouponIssues","documentId":"SI0zqxKOQZHThjdS1pwQ","documentNumber":8,"elapsedTime":1430,"level":"info","message":"Initial document emission","status":"ended","timestamp":"2025-02-07T04:44:47.224Z"}
{"businessId":"GqR4QGrCo77PbyfG5XtX","elapsedTime":1433,"eventNumber":8,"eventType":"COUPON_ISSUE","issueId":"SI0zqxKOQZHThjdS1pwQ","level":"info","message":"Stream Event","requestId":"req_1738903485791_3fndu5jc1","status":"ended","timestamp":"2025-02-07T04:44:47.224Z","type":"STREAM_EVENT"}
{"businessId":"yzNuNcCtE7A84M2i4LgJ","context":"streamCouponIssues","documentId":"eCjpD63gMo4TBk8Oauf6","documentNumber":9,"elapsedTime":1430,"level":"info","message":"Initial document emission","status":"ended","timestamp":"2025-02-07T04:44:47.224Z"}
{"businessId":"yzNuNcCtE7A84M2i4LgJ","elapsedTime":1433,"eventNumber":9,"eventType":"COUPON_ISSUE","issueId":"eCjpD63gMo4TBk8Oauf6","level":"info","message":"Stream Event","requestId":"req_1738903485791_3fndu5jc1","status":"ended","timestamp":"2025-02-07T04:44:47.224Z","type":"STREAM_EVENT"}
{"businessId":"GCJbNhhPDEeiPiSptK1G","context":"streamCouponIssues","documentId":"wRBqvQr9mnGQvGr8SfAA","documentNumber":10,"elapsedTime":1431,"level":"info","message":"Initial document emission","status":"active","timestamp":"2025-02-07T04:44:47.225Z"}
{"businessId":"GCJbNhhPDEeiPiSptK1G","elapsedTime":1434,"eventNumber":10,"eventType":"COUPON_ISSUE","issueId":"wRBqvQr9mnGQvGr8SfAA","level":"info","message":"Stream Event","requestId":"req_1738903485791_3fndu5jc1","status":"active","timestamp":"2025-02-07T04:44:47.225Z","type":"STREAM_EVENT"}
{"businessId":"IHdlm4LTNAdmLYrWqMPA","context":"streamCouponIssues","documentId":"hNA9Yt2IhzEIOgTwfmkN","documentNumber":11,"elapsedTime":1431,"level":"info","message":"Initial document emission","status":"ended","timestamp":"2025-02-07T04:44:47.225Z"}
{"businessId":"IHdlm4LTNAdmLYrWqMPA","elapsedTime":1434,"eventNumber":11,"eventType":"COUPON_ISSUE","issueId":"hNA9Yt2IhzEIOgTwfmkN","level":"info","message":"Stream Event","requestId":"req_1738903485791_3fndu5jc1","status":"ended","timestamp":"2025-02-07T04:44:47.225Z","type":"STREAM_EVENT"}
{"businessId":"4mfHssva4RIPENn2p7Di","context":"streamCouponIssues","documentId":"pb2aF6BwBFPb77PIDkpu","documentNumber":12,"elapsedTime":1431,"level":"info","message":"Initial document emission","status":"active","timestamp":"2025-02-07T04:44:47.225Z"}
{"businessId":"4mfHssva4RIPENn2p7Di","elapsedTime":1435,"eventNumber":12,"eventType":"COUPON_ISSUE","issueId":"pb2aF6BwBFPb77PIDkpu","level":"info","message":"Stream Event","requestId":"req_1738903485791_3fndu5jc1","status":"active","timestamp":"2025-02-07T04:44:47.226Z","type":"STREAM_EVENT"}
{"businessId":"nXG4zloGfFMqjow4a7dg","context":"streamCouponIssues","documentId":"kiXkCjBhsJmAvMjCcWMP","documentNumber":13,"elapsedTime":1432,"level":"info","message":"Initial document emission","status":"ended","timestamp":"2025-02-07T04:44:47.226Z"}
{"businessId":"nXG4zloGfFMqjow4a7dg","elapsedTime":1435,"eventNumber":13,"eventType":"COUPON_ISSUE","issueId":"kiXkCjBhsJmAvMjCcWMP","level":"info","message":"Stream Event","requestId":"req_1738903485791_3fndu5jc1","status":"ended","timestamp":"2025-02-07T04:44:47.226Z","type":"STREAM_EVENT"}
{"businessId":"ynxTdeHiqaemDKSjjc37","context":"streamCouponIssues","documentId":"ki7H7ws6D0o6RLF8LbaH","documentNumber":14,"elapsedTime":1432,"level":"info","message":"Initial document emission","status":"ended","timestamp":"2025-02-07T04:44:47.226Z"}
{"businessId":"ynxTdeHiqaemDKSjjc37","elapsedTime":1436,"eventNumber":14,"eventType":"COUPON_ISSUE","issueId":"ki7H7ws6D0o6RLF8LbaH","level":"info","message":"Stream Event","requestId":"req_1738903485791_3fndu5jc1","status":"ended","timestamp":"2025-02-07T04:44:47.227Z","type":"STREAM_EVENT"}
{"businessId":"Em2g6Py18uJWsOEx5LqJ","context":"streamCouponIssues","documentId":"17GEJX7IPm7SpjL8NEF7","documentNumber":15,"elapsedTime":1433,"level":"info","message":"Initial document emission","status":"ended","timestamp":"2025-02-07T04:44:47.227Z"}
{"businessId":"Em2g6Py18uJWsOEx5LqJ","elapsedTime":1436,"eventNumber":15,"eventType":"COUPON_ISSUE","issueId":"17GEJX7IPm7SpjL8NEF7","level":"info","message":"Stream Event","requestId":"req_1738903485791_3fndu5jc1","status":"ended","timestamp":"2025-02-07T04:44:47.227Z","type":"STREAM_EVENT"}
{"businessId":"yzNuNcCtE7A84M2i4LgJ","context":"streamCouponIssues","documentId":"3eHvhTLzRBP5MMcP4KOr","documentNumber":16,"elapsedTime":1433,"level":"info","message":"Initial document emission","status":"active","timestamp":"2025-02-07T04:44:47.227Z"}
{"businessId":"yzNuNcCtE7A84M2i4LgJ","elapsedTime":1436,"eventNumber":16,"eventType":"COUPON_ISSUE","issueId":"3eHvhTLzRBP5MMcP4KOr","level":"info","message":"Stream Event","requestId":"req_1738903485791_3fndu5jc1","status":"active","timestamp":"2025-02-07T04:44:47.227Z","type":"STREAM_EVENT"}
{"businessId":"yzNuNcCtE7A84M2i4LgJ","context":"streamCouponIssues","documentId":"7WtmIiO9RVECW35YJMrf","documentNumber":17,"elapsedTime":1433,"level":"info","message":"Initial document emission","status":"active","timestamp":"2025-02-07T04:44:47.227Z"}
{"businessId":"yzNuNcCtE7A84M2i4LgJ","elapsedTime":1436,"eventNumber":17,"eventType":"COUPON_ISSUE","issueId":"7WtmIiO9RVECW35YJMrf","level":"info","message":"Stream Event","requestId":"req_1738903485791_3fndu5jc1","status":"active","timestamp":"2025-02-07T04:44:47.227Z","type":"STREAM_EVENT"}
{"businessId":"3LpmjRGwb6ExjiVPI4a5","context":"streamCouponIssues","documentId":"8oA1yf4Wh3X6s1SAYsOw","documentNumber":18,"elapsedTime":1434,"level":"info","message":"Initial document emission","status":"ended","timestamp":"2025-02-07T04:44:47.228Z"}
{"businessId":"3LpmjRGwb6ExjiVPI4a5","elapsedTime":1437,"eventNumber":18,"eventType":"COUPON_ISSUE","issueId":"8oA1yf4Wh3X6s1SAYsOw","level":"info","message":"Stream Event","requestId":"req_1738903485791_3fndu5jc1","status":"ended","timestamp":"2025-02-07T04:44:47.228Z","type":"STREAM_EVENT"}
{"businessId":"IHdlm4LTNAdmLYrWqMPA","context":"streamCouponIssues","documentId":"8EM56ssj0h4TGFD8GUtU","documentNumber":19,"elapsedTime":1435,"level":"info","message":"Initial document emission","status":"ended","timestamp":"2025-02-07T04:44:47.229Z"}
{"businessId":"IHdlm4LTNAdmLYrWqMPA","elapsedTime":1438,"eventNumber":19,"eventType":"COUPON_ISSUE","issueId":"8EM56ssj0h4TGFD8GUtU","level":"info","message":"Stream Event","requestId":"req_1738903485791_3fndu5jc1","status":"ended","timestamp":"2025-02-07T04:44:47.229Z","type":"STREAM_EVENT"}
{"context":"streamCouponIssues","documentsProcessed":19,"fetchDuration":1436,"level":"info","memoryUsage":{"arrayBuffers":18379344,"external":20893527,"heapTotal":35012608,"heapUsed":32381600,"rss":84819968},"message":"Initial fetch completed","timestamp":"2025-02-07T04:44:47.230Z"}
{"context":"streamCouponIssues","level":"info","message":"Change stream established","setupTime":1,"timestamp":"2025-02-07T04:44:47.231Z"}
{"dns":"Unknown","errorCount":0,"eventsEmitted":0,"ipAddress":"Unknown","level":"info","message":"gRPC Request Started","method":"ActiveCouponIssuesWithBusinessesStream","requestId":"req_1738903496634_00vg9o8w8","startTime":1738903496634,"status":"active","timestamp":"2025-02-07T04:44:56.634Z","type":"REQUEST_START","userAgent":"grpc-node-js/1.11.0-postman.1"}
{"level":"info","message":"streamActiveCouponIssuesWithBusinessService called","timestamp":"2025-02-07T04:44:56.653Z","userPrefrences":{"brightness":"dark","languageCode":"ar"}}
{"brightness":"dark","context":"streamActiveCouponIssuesWithBusiness","languageCode":"ar","level":"info","message":"Stream initialization","timestamp":"2025-02-07T04:44:56.655Z"}
{"context":"streamMoreCouponRequestsService","documentId":"2D4CJwOsavaHpWUzhw9T","elapsedTime":7703,"level":"info","message":"Initial document emission","timestamp":"2025-02-07T04:45:04.358Z"}
{"businessId":"MhzMLKQreybT0H8vDqrS","elapsedTime":7725,"eventNumber":1,"eventType":"ACTIVE_COUPON_ISSUE","issueId":"2D4CJwOsavaHpWUzhw9T","level":"info","message":"Stream Event","requestId":"req_1738903496634_00vg9o8w8","status":"active","timestamp":"2025-02-07T04:45:04.359Z","type":"STREAM_EVENT"}
{"context":"streamMoreCouponRequestsService","documentId":"2xVZqS1RW57HfgRixyUn","elapsedTime":7707,"level":"info","message":"Initial document emission","timestamp":"2025-02-07T04:45:04.362Z"}
{"businessId":"4zhnt6wR8eUYIuONrSzy","elapsedTime":7728,"eventNumber":2,"eventType":"ACTIVE_COUPON_ISSUE","issueId":"2xVZqS1RW57HfgRixyUn","level":"info","message":"Stream Event","requestId":"req_1738903496634_00vg9o8w8","status":"ended","timestamp":"2025-02-07T04:45:04.362Z","type":"STREAM_EVENT"}
{"context":"streamMoreCouponRequestsService","documentId":"cF5Fme59zf3UCQdwvCb9","elapsedTime":7707,"level":"info","message":"Initial document emission","timestamp":"2025-02-07T04:45:04.362Z"}
{"businessId":"IHdlm4LTNAdmLYrWqMPA","elapsedTime":7728,"eventNumber":3,"eventType":"ACTIVE_COUPON_ISSUE","issueId":"cF5Fme59zf3UCQdwvCb9","level":"info","message":"Stream Event","requestId":"req_1738903496634_00vg9o8w8","status":"ended","timestamp":"2025-02-07T04:45:04.362Z","type":"STREAM_EVENT"}
{"context":"streamMoreCouponRequestsService","documentId":"2j5rx057Q9cdwl3kZAA9","elapsedTime":7707,"level":"info","message":"Initial document emission","timestamp":"2025-02-07T04:45:04.362Z"}
{"businessId":"mJdJI31rLdmH5R7RZ6XH","elapsedTime":7728,"eventNumber":4,"eventType":"ACTIVE_COUPON_ISSUE","issueId":"2j5rx057Q9cdwl3kZAA9","level":"info","message":"Stream Event","requestId":"req_1738903496634_00vg9o8w8","status":"active","timestamp":"2025-02-07T04:45:04.362Z","type":"STREAM_EVENT"}
{"context":"streamMoreCouponRequestsService","documentId":"PNn1gBg9B2jafN7wYXYY","elapsedTime":7707,"level":"info","message":"Initial document emission","timestamp":"2025-02-07T04:45:04.362Z"}
{"businessId":"Em2g6Py18uJWsOEx5LqJ","elapsedTime":7728,"eventNumber":5,"eventType":"ACTIVE_COUPON_ISSUE","issueId":"PNn1gBg9B2jafN7wYXYY","level":"info","message":"Stream Event","requestId":"req_1738903496634_00vg9o8w8","status":"ended","timestamp":"2025-02-07T04:45:04.362Z","type":"STREAM_EVENT"}
{"context":"streamMoreCouponRequestsService","documentId":"UOxNaY3R0N5USkF4QjPS","elapsedTime":7707,"level":"info","message":"Initial document emission","timestamp":"2025-02-07T04:45:04.362Z"}
{"businessId":"YwEJlCJ7EcIsedTvPxpS","elapsedTime":7728,"eventNumber":6,"eventType":"ACTIVE_COUPON_ISSUE","issueId":"UOxNaY3R0N5USkF4QjPS","level":"info","message":"Stream Event","requestId":"req_1738903496634_00vg9o8w8","status":"ended","timestamp":"2025-02-07T04:45:04.362Z","type":"STREAM_EVENT"}
{"context":"streamMoreCouponRequestsService","documentId":"U8jlWXm4G1ONsm19dEsj","elapsedTime":7707,"level":"info","message":"Initial document emission","timestamp":"2025-02-07T04:45:04.362Z"}
{"businessId":"LwQQSnp4aqGChUiyTWz8","elapsedTime":7728,"eventNumber":7,"eventType":"ACTIVE_COUPON_ISSUE","issueId":"U8jlWXm4G1ONsm19dEsj","level":"info","message":"Stream Event","requestId":"req_1738903496634_00vg9o8w8","status":"ended","timestamp":"2025-02-07T04:45:04.362Z","type":"STREAM_EVENT"}
{"context":"streamMoreCouponRequestsService","documentId":"SI0zqxKOQZHThjdS1pwQ","elapsedTime":7707,"level":"info","message":"Initial document emission","timestamp":"2025-02-07T04:45:04.362Z"}
{"businessId":"GqR4QGrCo77PbyfG5XtX","elapsedTime":7728,"eventNumber":8,"eventType":"ACTIVE_COUPON_ISSUE","issueId":"SI0zqxKOQZHThjdS1pwQ","level":"info","message":"Stream Event","requestId":"req_1738903496634_00vg9o8w8","status":"ended","timestamp":"2025-02-07T04:45:04.362Z","type":"STREAM_EVENT"}
{"context":"streamMoreCouponRequestsService","documentId":"eCjpD63gMo4TBk8Oauf6","elapsedTime":7708,"level":"info","message":"Initial document emission","timestamp":"2025-02-07T04:45:04.363Z"}
{"businessId":"yzNuNcCtE7A84M2i4LgJ","elapsedTime":7729,"eventNumber":9,"eventType":"ACTIVE_COUPON_ISSUE","issueId":"eCjpD63gMo4TBk8Oauf6","level":"info","message":"Stream Event","requestId":"req_1738903496634_00vg9o8w8","status":"ended","timestamp":"2025-02-07T04:45:04.363Z","type":"STREAM_EVENT"}
{"context":"streamMoreCouponRequestsService","documentId":"wRBqvQr9mnGQvGr8SfAA","elapsedTime":7708,"level":"info","message":"Initial document emission","timestamp":"2025-02-07T04:45:04.363Z"}
{"businessId":"GCJbNhhPDEeiPiSptK1G","elapsedTime":7729,"eventNumber":10,"eventType":"ACTIVE_COUPON_ISSUE","issueId":"wRBqvQr9mnGQvGr8SfAA","level":"info","message":"Stream Event","requestId":"req_1738903496634_00vg9o8w8","status":"active","timestamp":"2025-02-07T04:45:04.363Z","type":"STREAM_EVENT"}
{"context":"streamMoreCouponRequestsService","documentId":"hNA9Yt2IhzEIOgTwfmkN","elapsedTime":7708,"level":"info","message":"Initial document emission","timestamp":"2025-02-07T04:45:04.363Z"}
{"businessId":"IHdlm4LTNAdmLYrWqMPA","elapsedTime":7729,"eventNumber":11,"eventType":"ACTIVE_COUPON_ISSUE","issueId":"hNA9Yt2IhzEIOgTwfmkN","level":"info","message":"Stream Event","requestId":"req_1738903496634_00vg9o8w8","status":"ended","timestamp":"2025-02-07T04:45:04.363Z","type":"STREAM_EVENT"}
{"context":"streamMoreCouponRequestsService","documentId":"pb2aF6BwBFPb77PIDkpu","elapsedTime":7708,"level":"info","message":"Initial document emission","timestamp":"2025-02-07T04:45:04.363Z"}
{"businessId":"4mfHssva4RIPENn2p7Di","elapsedTime":7729,"eventNumber":12,"eventType":"ACTIVE_COUPON_ISSUE","issueId":"pb2aF6BwBFPb77PIDkpu","level":"info","message":"Stream Event","requestId":"req_1738903496634_00vg9o8w8","status":"active","timestamp":"2025-02-07T04:45:04.363Z","type":"STREAM_EVENT"}
{"context":"streamMoreCouponRequestsService","documentId":"kiXkCjBhsJmAvMjCcWMP","elapsedTime":7708,"level":"info","message":"Initial document emission","timestamp":"2025-02-07T04:45:04.363Z"}
{"businessId":"nXG4zloGfFMqjow4a7dg","elapsedTime":7730,"eventNumber":13,"eventType":"ACTIVE_COUPON_ISSUE","issueId":"kiXkCjBhsJmAvMjCcWMP","level":"info","message":"Stream Event","requestId":"req_1738903496634_00vg9o8w8","status":"ended","timestamp":"2025-02-07T04:45:04.364Z","type":"STREAM_EVENT"}
{"context":"streamMoreCouponRequestsService","documentId":"ki7H7ws6D0o6RLF8LbaH","elapsedTime":7709,"level":"info","message":"Initial document emission","timestamp":"2025-02-07T04:45:04.364Z"}
{"businessId":"ynxTdeHiqaemDKSjjc37","elapsedTime":7730,"eventNumber":14,"eventType":"ACTIVE_COUPON_ISSUE","issueId":"ki7H7ws6D0o6RLF8LbaH","level":"info","message":"Stream Event","requestId":"req_1738903496634_00vg9o8w8","status":"ended","timestamp":"2025-02-07T04:45:04.364Z","type":"STREAM_EVENT"}
{"context":"streamMoreCouponRequestsService","documentId":"17GEJX7IPm7SpjL8NEF7","elapsedTime":7709,"level":"info","message":"Initial document emission","timestamp":"2025-02-07T04:45:04.364Z"}
{"businessId":"Em2g6Py18uJWsOEx5LqJ","elapsedTime":7730,"eventNumber":15,"eventType":"ACTIVE_COUPON_ISSUE","issueId":"17GEJX7IPm7SpjL8NEF7","level":"info","message":"Stream Event","requestId":"req_1738903496634_00vg9o8w8","status":"ended","timestamp":"2025-02-07T04:45:04.364Z","type":"STREAM_EVENT"}
{"context":"streamMoreCouponRequestsService","documentId":"3eHvhTLzRBP5MMcP4KOr","elapsedTime":7709,"level":"info","message":"Initial document emission","timestamp":"2025-02-07T04:45:04.364Z"}
{"businessId":"yzNuNcCtE7A84M2i4LgJ","elapsedTime":7730,"eventNumber":16,"eventType":"ACTIVE_COUPON_ISSUE","issueId":"3eHvhTLzRBP5MMcP4KOr","level":"info","message":"Stream Event","requestId":"req_1738903496634_00vg9o8w8","status":"active","timestamp":"2025-02-07T04:45:04.364Z","type":"STREAM_EVENT"}
{"context":"streamMoreCouponRequestsService","documentId":"7WtmIiO9RVECW35YJMrf","elapsedTime":7709,"level":"info","message":"Initial document emission","timestamp":"2025-02-07T04:45:04.364Z"}
{"businessId":"yzNuNcCtE7A84M2i4LgJ","elapsedTime":7730,"eventNumber":17,"eventType":"ACTIVE_COUPON_ISSUE","issueId":"7WtmIiO9RVECW35YJMrf","level":"info","message":"Stream Event","requestId":"req_1738903496634_00vg9o8w8","status":"active","timestamp":"2025-02-07T04:45:04.364Z","type":"STREAM_EVENT"}
{"context":"streamMoreCouponRequestsService","documentId":"8oA1yf4Wh3X6s1SAYsOw","elapsedTime":7709,"level":"info","message":"Initial document emission","timestamp":"2025-02-07T04:45:04.364Z"}
{"businessId":"3LpmjRGwb6ExjiVPI4a5","elapsedTime":7730,"eventNumber":18,"eventType":"ACTIVE_COUPON_ISSUE","issueId":"8oA1yf4Wh3X6s1SAYsOw","level":"info","message":"Stream Event","requestId":"req_1738903496634_00vg9o8w8","status":"ended","timestamp":"2025-02-07T04:45:04.364Z","type":"STREAM_EVENT"}
{"context":"streamMoreCouponRequestsService","documentId":"8EM56ssj0h4TGFD8GUtU","elapsedTime":7709,"level":"info","message":"Initial document emission","timestamp":"2025-02-07T04:45:04.364Z"}
{"businessId":"IHdlm4LTNAdmLYrWqMPA","elapsedTime":7730,"eventNumber":19,"eventType":"ACTIVE_COUPON_ISSUE","issueId":"8EM56ssj0h4TGFD8GUtU","level":"info","message":"Stream Event","requestId":"req_1738903496634_00vg9o8w8","status":"ended","timestamp":"2025-02-07T04:45:04.364Z","type":"STREAM_EVENT"}
{"context":"streamActiveCouponIssuesWithBusiness","documentsProcessed":19,"fetchDuration":7709,"level":"info","message":"Initial fetch completed","timestamp":"2025-02-07T04:45:04.365Z"}
{"context":"streamActiveCouponIssuesWithBusiness","level":"info","message":"Change stream established","setupTime":0,"timestamp":"2025-02-07T04:45:04.365Z"}
{"dns":"Unknown","errorCount":0,"eventsEmitted":0,"ipAddress":"Unknown","level":"info","message":"gRPC Request Started","method":"StreamActiveDrawn","requestId":"req_1738903511064_fg21p1za5","startTime":1738903511065,"status":"active","timestamp":"2025-02-07T04:45:11.065Z","type":"REQUEST_START","userAgent":"grpc-node-js/1.11.0-postman.1"}
{"level":"info","message":"streamActiveDrawnService called","timestamp":"2025-02-07T04:45:11.066Z","userPrefrences":{"brightness":"light","languageCode":"en"}}
{"context":"streamActiveDrawn","level":"info","message":"Stream initialization","timestamp":"2025-02-07T04:45:11.066Z","userPreferences":{"brightness":"light","languageCode":"en"}}
{"context":"streamActiveDrawn","level":"info","message":"Change stream established","timestamp":"2025-02-07T04:45:11.067Z"}
{"businessId":"FXcaG0iMNV9Vh8Wqnarp","context":"streamActiveDrawn","contractId":"pdBpNreppH3u3zX1hfoz","documentId":"1cEMfC8TiHsb4wTSZ15W","elapsedTime":7505,"level":"info","message":"Initial document emission","timestamp":"2025-02-07T04:45:18.571Z"}
{"businessId":"FXcaG0iMNV9Vh8Wqnarp","drawnId":"1cEMfC8TiHsb4wTSZ15W","elapsedTime":7507,"eventNumber":1,"eventType":"ACTIVE_DRAWN_UPDATE","level":"info","message":"Stream Event","requestId":"req_1738903511064_fg21p1za5","status":"contest","timestamp":"2025-02-07T04:45:18.572Z","type":"STREAM_EVENT"}
{"businessId":"6a52482e-2bb1-414f-9ec1-88f1b7ed00ae","context":"streamActiveDrawn","contractId":"testc8215a46-3081-4c38-9191-e4d4d6a08213","documentId":"296ad615-d082-4311-9b62-66ccac3832f3","elapsedTime":7508,"level":"info","message":"Initial document emission","timestamp":"2025-02-07T04:45:18.574Z"}
{"businessId":"6a52482e-2bb1-414f-9ec1-88f1b7ed00ae","drawnId":"296ad615-d082-4311-9b62-66ccac3832f3","elapsedTime":7510,"eventNumber":2,"eventType":"ACTIVE_DRAWN_UPDATE","level":"info","message":"Stream Event","requestId":"req_1738903511064_fg21p1za5","status":"contest","timestamp":"2025-02-07T04:45:18.575Z","type":"STREAM_EVENT"}
{"businessId":"Xlm06yZrJfvLmWck0q8d","context":"streamActiveDrawn","contractId":"kHy84ngafYLcHWKOIaHj","documentId":"4dSutGzPEUWAiXAhwnbj","elapsedTime":7509,"level":"info","message":"Initial document emission","timestamp":"2025-02-07T04:45:18.575Z"}
{"businessId":"Xlm06yZrJfvLmWck0q8d","drawnId":"4dSutGzPEUWAiXAhwnbj","elapsedTime":7510,"eventNumber":3,"eventType":"ACTIVE_DRAWN_UPDATE","level":"info","message":"Stream Event","requestId":"req_1738903511064_fg21p1za5","status":"contest","timestamp":"2025-02-07T04:45:18.575Z","type":"STREAM_EVENT"}
{"context":"streamActiveDrawn","documentId":"14qZ5n60hgx8lxGHJ5uD","elapsedTime":7509,"level":"info","message":"Initial document emission","timestamp":"2025-02-07T04:45:18.575Z"}
{"businessId":"","drawnId":"14qZ5n60hgx8lxGHJ5uD","elapsedTime":7510,"eventNumber":4,"eventType":"ACTIVE_DRAWN_UPDATE","level":"info","message":"Stream Event","requestId":"req_1738903511064_fg21p1za5","status":"contest","timestamp":"2025-02-07T04:45:18.575Z","type":"STREAM_EVENT"}
{"businessId":"llYVcqlgqbgjWuvvh3WW","context":"streamActiveDrawn","contractId":"ZIMRuHaJ3Li5KgIGwxft","documentId":"01ZGRddgBeZMauvLuhqk","elapsedTime":7509,"level":"info","message":"Initial document emission","timestamp":"2025-02-07T04:45:18.575Z"}
{"businessId":"llYVcqlgqbgjWuvvh3WW","drawnId":"01ZGRddgBeZMauvLuhqk","elapsedTime":7510,"eventNumber":5,"eventType":"ACTIVE_DRAWN_UPDATE","level":"info","message":"Stream Event","requestId":"req_1738903511064_fg21p1za5","status":"contest","timestamp":"2025-02-07T04:45:18.575Z","type":"STREAM_EVENT"}
{"businessId":"p8JFvQBiLluPcQvbNIRp","context":"streamActiveDrawn","contractId":"HEgpX4dMVP0Wt38lX1Nz","documentId":"42dz2mlSK7Wef3FZN2PR","elapsedTime":7509,"level":"info","message":"Initial document emission","timestamp":"2025-02-07T04:45:18.575Z"}
{"businessId":"p8JFvQBiLluPcQvbNIRp","drawnId":"42dz2mlSK7Wef3FZN2PR","elapsedTime":7511,"eventNumber":6,"eventType":"ACTIVE_DRAWN_UPDATE","level":"info","message":"Stream Event","requestId":"req_1738903511064_fg21p1za5","status":"contest","timestamp":"2025-02-07T04:45:18.576Z","type":"STREAM_EVENT"}
{"businessId":"yzNuNcCtE7A84M2i4LgJ","context":"streamActiveDrawn","contractId":"sQSwPS89az4VoOXwYLMH","documentId":"7Q0MFsfrpf307zgg3HSU","elapsedTime":7510,"level":"info","message":"Initial document emission","timestamp":"2025-02-07T04:45:18.576Z"}
{"businessId":"yzNuNcCtE7A84M2i4LgJ","drawnId":"7Q0MFsfrpf307zgg3HSU","elapsedTime":7511,"eventNumber":7,"eventType":"ACTIVE_DRAWN_UPDATE","level":"info","message":"Stream Event","requestId":"req_1738903511064_fg21p1za5","status":"contest","timestamp":"2025-02-07T04:45:18.576Z","type":"STREAM_EVENT"}
{"businessId":"LwQQSnp4aqGChUiyTWz8","context":"streamActiveDrawn","contractId":"4EXAjERfibDlbl9FjzLt","documentId":"9ZO9kWU2tWuZOBJVrcH7","elapsedTime":7510,"level":"info","message":"Initial document emission","timestamp":"2025-02-07T04:45:18.576Z"}
{"businessId":"LwQQSnp4aqGChUiyTWz8","drawnId":"9ZO9kWU2tWuZOBJVrcH7","elapsedTime":7511,"eventNumber":8,"eventType":"ACTIVE_DRAWN_UPDATE","level":"info","message":"Stream Event","requestId":"req_1738903511064_fg21p1za5","status":"drawing","timestamp":"2025-02-07T04:45:18.576Z","type":"STREAM_EVENT"}
{"context":"streamActiveDrawn","documentId":"B0eju1vZGFar8bT6VFdQ","elapsedTime":7510,"level":"info","message":"Initial document emission","timestamp":"2025-02-07T04:45:18.576Z"}
{"businessId":"","drawnId":"B0eju1vZGFar8bT6VFdQ","elapsedTime":7512,"eventNumber":9,"eventType":"ACTIVE_DRAWN_UPDATE","level":"info","message":"Stream Event","requestId":"req_1738903511064_fg21p1za5","status":"contest","timestamp":"2025-02-07T04:45:18.577Z","type":"STREAM_EVENT"}
{"businessId":"Xlm06yZrJfvLmWck0q8d","context":"streamActiveDrawn","contractId":"Luied5ld6sTWozIsgVRo","documentId":"6d8WfBnk3UtE7Mc233hL","elapsedTime":7511,"level":"info","message":"Initial document emission","timestamp":"2025-02-07T04:45:18.577Z"}
{"businessId":"Xlm06yZrJfvLmWck0q8d","drawnId":"6d8WfBnk3UtE7Mc233hL","elapsedTime":7512,"eventNumber":10,"eventType":"ACTIVE_DRAWN_UPDATE","level":"info","message":"Stream Event","requestId":"req_1738903511064_fg21p1za5","status":"contest","timestamp":"2025-02-07T04:45:18.577Z","type":"STREAM_EVENT"}
{"businessId":"lgrbv1npxxMwMJZn7mX7","context":"streamActiveDrawn","contractId":"PBIQWLnQVVCFl0OqdWgB","documentId":"6jtmnw3kqOElZNFLGdC2","elapsedTime":7511,"level":"info","message":"Initial document emission","timestamp":"2025-02-07T04:45:18.577Z"}
{"businessId":"lgrbv1npxxMwMJZn7mX7","drawnId":"6jtmnw3kqOElZNFLGdC2","elapsedTime":7512,"eventNumber":11,"eventType":"ACTIVE_DRAWN_UPDATE","level":"info","message":"Stream Event","requestId":"req_1738903511064_fg21p1za5","status":"contest","timestamp":"2025-02-07T04:45:18.577Z","type":"STREAM_EVENT"}
{"businessId":"MhzMLKQreybT0H8vDqrS","context":"streamActiveDrawn","contractId":"SzVgBPTt8G5PXTIpp7xA","documentId":"BjXcvYLVT7cORY7Hrylp","elapsedTime":7512,"level":"info","message":"Initial document emission","timestamp":"2025-02-07T04:45:18.578Z"}
{"businessId":"MhzMLKQreybT0H8vDqrS","drawnId":"BjXcvYLVT7cORY7Hrylp","elapsedTime":7513,"eventNumber":12,"eventType":"ACTIVE_DRAWN_UPDATE","level":"info","message":"Stream Event","requestId":"req_1738903511064_fg21p1za5","status":"contest","timestamp":"2025-02-07T04:45:18.578Z","type":"STREAM_EVENT"}
{"context":"streamActiveDrawn","documentId":"CMcjh21WeOjkoDhkZgoT","elapsedTime":7512,"level":"info","message":"Initial document emission","timestamp":"2025-02-07T04:45:18.578Z"}
{"businessId":"","drawnId":"CMcjh21WeOjkoDhkZgoT","elapsedTime":7514,"eventNumber":13,"eventType":"ACTIVE_DRAWN_UPDATE","level":"info","message":"Stream Event","requestId":"req_1738903511064_fg21p1za5","status":"contest","timestamp":"2025-02-07T04:45:18.579Z","type":"STREAM_EVENT"}
{"businessId":"FXcaG0iMNV9Vh8Wqnarp","context":"streamActiveDrawn","contractId":"IASzoi4eGY3KhbG9nydH","documentId":"8uMewMybPuovq4wZDmnV","elapsedTime":7513,"level":"info","message":"Initial document emission","timestamp":"2025-02-07T04:45:18.579Z"}
{"businessId":"FXcaG0iMNV9Vh8Wqnarp","drawnId":"8uMewMybPuovq4wZDmnV","elapsedTime":7514,"eventNumber":14,"eventType":"ACTIVE_DRAWN_UPDATE","level":"info","message":"Stream Event","requestId":"req_1738903511064_fg21p1za5","status":"contest","timestamp":"2025-02-07T04:45:18.579Z","type":"STREAM_EVENT"}
{"businessId":"HPMZzH5gRiTm8vEsDThd","context":"streamActiveDrawn","contractId":"XG5iAf7f5HYVhhvNoPWb","documentId":"9tGGfmYBxuXWmeWcSX7J","elapsedTime":7513,"level":"info","message":"Initial document emission","timestamp":"2025-02-07T04:45:18.579Z"}
{"businessId":"HPMZzH5gRiTm8vEsDThd","drawnId":"9tGGfmYBxuXWmeWcSX7J","elapsedTime":7514,"eventNumber":15,"eventType":"ACTIVE_DRAWN_UPDATE","level":"info","message":"Stream Event","requestId":"req_1738903511064_fg21p1za5","status":"contest","timestamp":"2025-02-07T04:45:18.579Z","type":"STREAM_EVENT"}
{"context":"streamActiveDrawn","documentId":"8HsZpZPTFqQdIEIgkFYE","elapsedTime":7513,"level":"info","message":"Initial document emission","timestamp":"2025-02-07T04:45:18.579Z"}
{"businessId":"","drawnId":"8HsZpZPTFqQdIEIgkFYE","elapsedTime":7514,"eventNumber":16,"eventType":"ACTIVE_DRAWN_UPDATE","level":"info","message":"Stream Event","requestId":"req_1738903511064_fg21p1za5","status":"contest","timestamp":"2025-02-07T04:45:18.579Z","type":"STREAM_EVENT"}
{"businessId":"qsCesLzCBYbhlyQDbZ7g","context":"streamActiveDrawn","contractId":"bu0KPrYbGLHPhsWrk5du","documentId":"AC35XniCBghXl1IVnGMJ","elapsedTime":7513,"level":"info","message":"Initial document emission","timestamp":"2025-02-07T04:45:18.579Z"}
{"businessId":"qsCesLzCBYbhlyQDbZ7g","drawnId":"AC35XniCBghXl1IVnGMJ","elapsedTime":7514,"eventNumber":17,"eventType":"ACTIVE_DRAWN_UPDATE","level":"info","message":"Stream Event","requestId":"req_1738903511064_fg21p1za5","status":"contest","timestamp":"2025-02-07T04:45:18.579Z","type":"STREAM_EVENT"}
{"businessId":"0Z6OsZdJMRB0m2P0XqDS","context":"streamActiveDrawn","contractId":"J1yzYUyNtLyVtOm3droH","documentId":"ArTx8Gn337uo2sXWVs64","elapsedTime":7514,"level":"info","message":"Initial document emission","timestamp":"2025-02-07T04:45:18.580Z"}
{"businessId":"0Z6OsZdJMRB0m2P0XqDS","drawnId":"ArTx8Gn337uo2sXWVs64","elapsedTime":7515,"eventNumber":18,"eventType":"ACTIVE_DRAWN_UPDATE","level":"info","message":"Stream Event","requestId":"req_1738903511064_fg21p1za5","status":"contest","timestamp":"2025-02-07T04:45:18.580Z","type":"STREAM_EVENT"}
{"context":"streamActiveDrawn","documentId":"9JafJs0hP3NeAUEcu4iD","elapsedTime":7514,"level":"info","message":"Initial document emission","timestamp":"2025-02-07T04:45:18.580Z"}
{"businessId":"","drawnId":"9JafJs0hP3NeAUEcu4iD","elapsedTime":7515,"eventNumber":19,"eventType":"ACTIVE_DRAWN_UPDATE","level":"info","message":"Stream Event","requestId":"req_1738903511064_fg21p1za5","status":"contest","timestamp":"2025-02-07T04:45:18.580Z","type":"STREAM_EVENT"}
{"businessId":"YwEJlCJ7EcIsedTvPxpS","context":"streamActiveDrawn","contractId":"MkTC7TNF12JjVbA8dD6i","documentId":"6CMcmyVF429wKpqQojoo","elapsedTime":7514,"level":"info","message":"Initial document emission","timestamp":"2025-02-07T04:45:18.580Z"}
{"businessId":"YwEJlCJ7EcIsedTvPxpS","drawnId":"6CMcmyVF429wKpqQojoo","elapsedTime":7515,"eventNumber":20,"eventType":"ACTIVE_DRAWN_UPDATE","level":"info","message":"Stream Event","requestId":"req_1738903511064_fg21p1za5","status":"drawing","timestamp":"2025-02-07T04:45:18.580Z","type":"STREAM_EVENT"}
{"context":"streamActiveDrawn","documentId":"A9CduEmx1fbPoHk89tbl","elapsedTime":7514,"level":"info","message":"Initial document emission","timestamp":"2025-02-07T04:45:18.580Z"}
{"businessId":"","drawnId":"A9CduEmx1fbPoHk89tbl","elapsedTime":7515,"eventNumber":21,"eventType":"ACTIVE_DRAWN_UPDATE","level":"info","message":"Stream Event","requestId":"req_1738903511064_fg21p1za5","status":"contest","timestamp":"2025-02-07T04:45:18.580Z","type":"STREAM_EVENT"}
{"businessId":"lgrbv1npxxMwMJZn7mX7","context":"streamActiveDrawn","contractId":"9JCB9DY0wuuzkbcyXXZ0","documentId":"5wSr0PyEaYT7lonYKiwP","elapsedTime":7514,"level":"info","message":"Initial document emission","timestamp":"2025-02-07T04:45:18.580Z"}
{"businessId":"lgrbv1npxxMwMJZn7mX7","drawnId":"5wSr0PyEaYT7lonYKiwP","elapsedTime":7515,"eventNumber":22,"eventType":"ACTIVE_DRAWN_UPDATE","level":"info","message":"Stream Event","requestId":"req_1738903511064_fg21p1za5","status":"contest","timestamp":"2025-02-07T04:45:18.580Z","type":"STREAM_EVENT"}
{"businessId":"Tib2YpTLobwlvyXDhBft","context":"streamActiveDrawn","contractId":"J3CDmDTmPIvSClY9GihL","documentId":"5yc4ctfFWhMZowCZ1skQ","elapsedTime":7514,"level":"info","message":"Initial document emission","timestamp":"2025-02-07T04:45:18.580Z"}
{"businessId":"Tib2YpTLobwlvyXDhBft","drawnId":"5yc4ctfFWhMZowCZ1skQ","elapsedTime":7516,"eventNumber":23,"eventType":"ACTIVE_DRAWN_UPDATE","level":"info","message":"Stream Event","requestId":"req_1738903511064_fg21p1za5","status":"contest","timestamp":"2025-02-07T04:45:18.581Z","type":"STREAM_EVENT"}
{"businessId":"qsCesLzCBYbhlyQDbZ7g","context":"streamActiveDrawn","contractId":"DebN7jX6hVvJzrnYLbqn","documentId":"8M2IzNHG0o5GPFa33HNy","elapsedTime":7515,"level":"info","message":"Initial document emission","timestamp":"2025-02-07T04:45:18.581Z"}
{"businessId":"qsCesLzCBYbhlyQDbZ7g","drawnId":"8M2IzNHG0o5GPFa33HNy","elapsedTime":7516,"eventNumber":24,"eventType":"ACTIVE_DRAWN_UPDATE","level":"info","message":"Stream Event","requestId":"req_1738903511064_fg21p1za5","status":"contest","timestamp":"2025-02-07T04:45:18.581Z","type":"STREAM_EVENT"}
{"businessId":"AYvawbIX1fyxOXj3atE2","context":"streamActiveDrawn","contractId":"pUfknSRpfiuiHbR6eakW","documentId":"CleGjWHFIHVeb8Tb9Irp","elapsedTime":7515,"level":"info","message":"Initial document emission","timestamp":"2025-02-07T04:45:18.581Z"}
{"businessId":"AYvawbIX1fyxOXj3atE2","drawnId":"CleGjWHFIHVeb8Tb9Irp","elapsedTime":7516,"eventNumber":25,"eventType":"ACTIVE_DRAWN_UPDATE","level":"info","message":"Stream Event","requestId":"req_1738903511064_fg21p1za5","status":"contest","timestamp":"2025-02-07T04:45:18.581Z","type":"STREAM_EVENT"}
{"businessId":"WI6DlS8ZCV3TYBH9QVVV","context":"streamActiveDrawn","contractId":"qfxdEwoawZpkfe0caR9Y","documentId":"DQtdB5f2ruBWd65EqPEk","elapsedTime":7515,"level":"info","message":"Initial document emission","timestamp":"2025-02-07T04:45:18.581Z"}
{"businessId":"WI6DlS8ZCV3TYBH9QVVV","drawnId":"DQtdB5f2ruBWd65EqPEk","elapsedTime":7516,"eventNumber":26,"eventType":"ACTIVE_DRAWN_UPDATE","level":"info","message":"Stream Event","requestId":"req_1738903511064_fg21p1za5","status":"drawing","timestamp":"2025-02-07T04:45:18.581Z","type":"STREAM_EVENT"}
{"context":"streamActiveDrawn","documentId":"COnNIJzw1uaUNpLP3V3k","elapsedTime":7515,"level":"info","message":"Initial document emission","timestamp":"2025-02-07T04:45:18.581Z"}
{"businessId":"","drawnId":"COnNIJzw1uaUNpLP3V3k","elapsedTime":7516,"eventNumber":27,"eventType":"ACTIVE_DRAWN_UPDATE","level":"info","message":"Stream Event","requestId":"req_1738903511064_fg21p1za5","status":"contest","timestamp":"2025-02-07T04:45:18.581Z","type":"STREAM_EVENT"}
{"businessId":"z7agRgUOz1cjEnApDekJ","context":"streamActiveDrawn","contractId":"niRBQnEBZVRZe4P0EoBM","documentId":"DuEPOq8pLNPwtEYZ58uG","elapsedTime":7515,"level":"info","message":"Initial document emission","timestamp":"2025-02-07T04:45:18.581Z"}
{"businessId":"z7agRgUOz1cjEnApDekJ","drawnId":"DuEPOq8pLNPwtEYZ58uG","elapsedTime":7516,"eventNumber":28,"eventType":"ACTIVE_DRAWN_UPDATE","level":"info","message":"Stream Event","requestId":"req_1738903511064_fg21p1za5","status":"contest","timestamp":"2025-02-07T04:45:18.581Z","type":"STREAM_EVENT"}
{"context":"streamActiveDrawn","documentId":"Ev0g2vZqGw5pIDduVcoi","elapsedTime":7516,"level":"info","message":"Initial document emission","timestamp":"2025-02-07T04:45:18.582Z"}
{"businessId":"","drawnId":"Ev0g2vZqGw5pIDduVcoi","elapsedTime":7517,"eventNumber":29,"eventType":"ACTIVE_DRAWN_UPDATE","level":"info","message":"Stream Event","requestId":"req_1738903511064_fg21p1za5","status":"contest","timestamp":"2025-02-07T04:45:18.582Z","type":"STREAM_EVENT"}
{"businessId":"GCJbNhhPDEeiPiSptK1G","context":"streamActiveDrawn","contractId":"HBpqFmtay5g7Gs57UcVg","documentId":"FL7OskIGUYGSqVhcDUze","elapsedTime":7516,"level":"info","message":"Initial document emission","timestamp":"2025-02-07T04:45:18.582Z"}
{"businessId":"GCJbNhhPDEeiPiSptK1G","drawnId":"FL7OskIGUYGSqVhcDUze","elapsedTime":7517,"eventNumber":30,"eventType":"ACTIVE_DRAWN_UPDATE","level":"info","message":"Stream Event","requestId":"req_1738903511064_fg21p1za5","status":"contest","timestamp":"2025-02-07T04:45:18.582Z","type":"STREAM_EVENT"}
{"businessId":"YwEJlCJ7EcIsedTvPxpS","context":"streamActiveDrawn","contractId":"9hrusloiBGLASE75kPMP","documentId":"Fr8OJIXYJerMwcxAXCwv","elapsedTime":7516,"level":"info","message":"Initial document emission","timestamp":"2025-02-07T04:45:18.582Z"}
{"businessId":"YwEJlCJ7EcIsedTvPxpS","drawnId":"Fr8OJIXYJerMwcxAXCwv","elapsedTime":7517,"eventNumber":31,"eventType":"ACTIVE_DRAWN_UPDATE","level":"info","message":"Stream Event","requestId":"req_1738903511064_fg21p1za5","status":"contest","timestamp":"2025-02-07T04:45:18.582Z","type":"STREAM_EVENT"}
{"businessId":"MhzMLKQreybT0H8vDqrS","context":"streamActiveDrawn","contractId":"SzVgBPTt8G5PXTIpp7xA","documentId":"JP2VtZUWo0A1reUT0E3p","elapsedTime":7516,"level":"info","message":"Initial document emission","timestamp":"2025-02-07T04:45:18.582Z"}
{"businessId":"MhzMLKQreybT0H8vDqrS","drawnId":"JP2VtZUWo0A1reUT0E3p","elapsedTime":7517,"eventNumber":32,"eventType":"ACTIVE_DRAWN_UPDATE","level":"info","message":"Stream Event","requestId":"req_1738903511064_fg21p1za5","status":"contest","timestamp":"2025-02-07T04:45:18.582Z","type":"STREAM_EVENT"}
{"context":"streamActiveDrawn","documentId":"LfEaQYSAF7g5vMuuggRx","elapsedTime":7516,"level":"info","message":"Initial document emission","timestamp":"2025-02-07T04:45:18.582Z"}
{"businessId":"","drawnId":"LfEaQYSAF7g5vMuuggRx","elapsedTime":7517,"eventNumber":33,"eventType":"ACTIVE_DRAWN_UPDATE","level":"info","message":"Stream Event","requestId":"req_1738903511064_fg21p1za5","status":"contest","timestamp":"2025-02-07T04:45:18.582Z","type":"STREAM_EVENT"}
{"context":"streamActiveDrawn","documentId":"LMSfIecoZ0ZDBsDv9psx","elapsedTime":7516,"level":"info","message":"Initial document emission","timestamp":"2025-02-07T04:45:18.582Z"}
{"businessId":"","drawnId":"LMSfIecoZ0ZDBsDv9psx","elapsedTime":7517,"eventNumber":34,"eventType":"ACTIVE_DRAWN_UPDATE","level":"info","message":"Stream Event","requestId":"req_1738903511064_fg21p1za5","status":"contest","timestamp":"2025-02-07T04:45:18.582Z","type":"STREAM_EVENT"}
{"businessId":"huBXQHNwv8aKZlYXGDT0","context":"streamActiveDrawn","contractId":"zRWs5vrjGkPP7Khuk3B9","documentId":"HN6NQ4I2ilpKqAw00P5p","elapsedTime":7518,"level":"info","message":"Initial document emission","timestamp":"2025-02-07T04:45:18.584Z"}
{"businessId":"huBXQHNwv8aKZlYXGDT0","drawnId":"HN6NQ4I2ilpKqAw00P5p","elapsedTime":7519,"eventNumber":35,"eventType":"ACTIVE_DRAWN_UPDATE","level":"info","message":"Stream Event","requestId":"req_1738903511064_fg21p1za5","status":"contest","timestamp":"2025-02-07T04:45:18.584Z","type":"STREAM_EVENT"}
{"businessId":"IHdlm4LTNAdmLYrWqMPA","context":"streamActiveDrawn","contractId":"HJQKJg7cpoox7H84UrRk","documentId":"Hrre6L2KSTxHmoD39Msf","elapsedTime":7518,"level":"info","message":"Initial document emission","timestamp":"2025-02-07T04:45:18.584Z"}
{"businessId":"IHdlm4LTNAdmLYrWqMPA","drawnId":"Hrre6L2KSTxHmoD39Msf","elapsedTime":7519,"eventNumber":36,"eventType":"ACTIVE_DRAWN_UPDATE","level":"info","message":"Stream Event","requestId":"req_1738903511064_fg21p1za5","status":"open","timestamp":"2025-02-07T04:45:18.584Z","type":"STREAM_EVENT"}
{"businessId":"KJIRDio6mA77eCATJtCv","context":"streamActiveDrawn","contractId":"VIX80VzMUHAhHyFGARxv","documentId":"Mk54xbptUG4UZFKjINXJ","elapsedTime":7519,"level":"info","message":"Initial document emission","timestamp":"2025-02-07T04:45:18.585Z"}
{"businessId":"KJIRDio6mA77eCATJtCv","drawnId":"Mk54xbptUG4UZFKjINXJ","elapsedTime":7520,"eventNumber":37,"eventType":"ACTIVE_DRAWN_UPDATE","level":"info","message":"Stream Event","requestId":"req_1738903511064_fg21p1za5","status":"contest","timestamp":"2025-02-07T04:45:18.585Z","type":"STREAM_EVENT"}
{"businessId":"qsCesLzCBYbhlyQDbZ7g","context":"streamActiveDrawn","contractId":"YCQzlslADLmcqQX02pbP","documentId":"MsJruu8h9rG5oIsx16yw","elapsedTime":7519,"level":"info","message":"Initial document emission","timestamp":"2025-02-07T04:45:18.585Z"}
{"businessId":"qsCesLzCBYbhlyQDbZ7g","drawnId":"MsJruu8h9rG5oIsx16yw","elapsedTime":7520,"eventNumber":38,"eventType":"ACTIVE_DRAWN_UPDATE","level":"info","message":"Stream Event","requestId":"req_1738903511064_fg21p1za5","status":"contest","timestamp":"2025-02-07T04:45:18.585Z","type":"STREAM_EVENT"}
{"context":"streamActiveDrawn","documentId":"O67pat0m86jgCHE8rIfk","elapsedTime":7519,"level":"info","message":"Initial document emission","timestamp":"2025-02-07T04:45:18.585Z"}
{"businessId":"","drawnId":"O67pat0m86jgCHE8rIfk","elapsedTime":7520,"eventNumber":39,"eventType":"ACTIVE_DRAWN_UPDATE","level":"info","message":"Stream Event","requestId":"req_1738903511064_fg21p1za5","status":"contest","timestamp":"2025-02-07T04:45:18.585Z","type":"STREAM_EVENT"}
{"businessId":"qsCesLzCBYbhlyQDbZ7g","context":"streamActiveDrawn","contractId":"bu0KPrYbGLHPhsWrk5du","documentId":"PJtCitWTSWtiAxsNJQgk","elapsedTime":7519,"level":"info","message":"Initial document emission","timestamp":"2025-02-07T04:45:18.585Z"}
{"businessId":"qsCesLzCBYbhlyQDbZ7g","drawnId":"PJtCitWTSWtiAxsNJQgk","elapsedTime":7520,"eventNumber":40,"eventType":"ACTIVE_DRAWN_UPDATE","level":"info","message":"Stream Event","requestId":"req_1738903511064_fg21p1za5","status":"contest","timestamp":"2025-02-07T04:45:18.585Z","type":"STREAM_EVENT"}
{"businessId":"uQzZOBhSln4FCEvQhEwU","context":"streamActiveDrawn","contractId":"E8VgyY0UcLjXJyquzb7O","documentId":"NjvjD6fwSy70sPLzFbis","elapsedTime":7519,"level":"info","message":"Initial document emission","timestamp":"2025-02-07T04:45:18.585Z"}
{"businessId":"uQzZOBhSln4FCEvQhEwU","drawnId":"NjvjD6fwSy70sPLzFbis","elapsedTime":7520,"eventNumber":41,"eventType":"ACTIVE_DRAWN_UPDATE","level":"info","message":"Stream Event","requestId":"req_1738903511064_fg21p1za5","status":"open","timestamp":"2025-02-07T04:45:18.585Z","type":"STREAM_EVENT"}
{"businessId":"AYvawbIX1fyxOXj3atE2","context":"streamActiveDrawn","contractId":"pUfknSRpfiuiHbR6eakW","documentId":"PSHIpPdKUe5PmHRP8O4s","elapsedTime":7519,"level":"info","message":"Initial document emission","timestamp":"2025-02-07T04:45:18.585Z"}
{"businessId":"AYvawbIX1fyxOXj3atE2","drawnId":"PSHIpPdKUe5PmHRP8O4s","elapsedTime":7520,"eventNumber":42,"eventType":"ACTIVE_DRAWN_UPDATE","level":"info","message":"Stream Event","requestId":"req_1738903511064_fg21p1za5","status":"contest","timestamp":"2025-02-07T04:45:18.585Z","type":"STREAM_EVENT"}
{"businessId":"y3gtQVLbQz2xQ2Sz12JN","context":"streamActiveDrawn","contractId":"Xw2eOBHAm3KfqeOM6qcM","documentId":"ON1wYqRJHR2AgiRSApUf","elapsedTime":7519,"level":"info","message":"Initial document emission","timestamp":"2025-02-07T04:45:18.585Z"}
{"businessId":"y3gtQVLbQz2xQ2Sz12JN","drawnId":"ON1wYqRJHR2AgiRSApUf","elapsedTime":7520,"eventNumber":43,"eventType":"ACTIVE_DRAWN_UPDATE","level":"info","message":"Stream Event","requestId":"req_1738903511064_fg21p1za5","status":"contest","timestamp":"2025-02-07T04:45:18.585Z","type":"STREAM_EVENT"}
{"businessId":"Xlm06yZrJfvLmWck0q8d","context":"streamActiveDrawn","contractId":"XzOKlRZu5WJIjcLr57Bv","documentId":"TU7sFyUl8VG29DSAuY62","elapsedTime":7520,"level":"info","message":"Initial document emission","timestamp":"2025-02-07T04:45:18.586Z"}
{"businessId":"Xlm06yZrJfvLmWck0q8d","drawnId":"TU7sFyUl8VG29DSAuY62","elapsedTime":7521,"eventNumber":44,"eventType":"ACTIVE_DRAWN_UPDATE","level":"info","message":"Stream Event","requestId":"req_1738903511064_fg21p1za5","status":"contest","timestamp":"2025-02-07T04:45:18.586Z","type":"STREAM_EVENT"}
{"businessId":"Tib2YpTLobwlvyXDhBft","context":"streamActiveDrawn","contractId":"J3CDmDTmPIvSClY9GihL","documentId":"SwwE0DlhFhEB0uGCHrac","elapsedTime":7520,"level":"info","message":"Initial document emission","timestamp":"2025-02-07T04:45:18.586Z"}
{"businessId":"Tib2YpTLobwlvyXDhBft","drawnId":"SwwE0DlhFhEB0uGCHrac","elapsedTime":7521,"eventNumber":45,"eventType":"ACTIVE_DRAWN_UPDATE","level":"info","message":"Stream Event","requestId":"req_1738903511064_fg21p1za5","status":"drawing","timestamp":"2025-02-07T04:45:18.586Z","type":"STREAM_EVENT"}
{"businessId":"qZTy8J54akFeF0HMJNdj","context":"streamActiveDrawn","contractId":"qqySFfHw8DHEDBNk0aP3","documentId":"TQgMBQot5YhjtSjOw1tY","elapsedTime":7520,"level":"info","message":"Initial document emission","timestamp":"2025-02-07T04:45:18.586Z"}
{"businessId":"qZTy8J54akFeF0HMJNdj","drawnId":"TQgMBQot5YhjtSjOw1tY","elapsedTime":7521,"eventNumber":46,"eventType":"ACTIVE_DRAWN_UPDATE","level":"info","message":"Stream Event","requestId":"req_1738903511064_fg21p1za5","status":"contest","timestamp":"2025-02-07T04:45:18.586Z","type":"STREAM_EVENT"}
{"businessId":"MhzMLKQreybT0H8vDqrS","context":"streamActiveDrawn","contractId":"Z6IuDbZ9KB5rLSu9VSOV","documentId":"SSvL4CwdV8tQLUolyJ6L","elapsedTime":7520,"level":"info","message":"Initial document emission","timestamp":"2025-02-07T04:45:18.586Z"}
{"businessId":"MhzMLKQreybT0H8vDqrS","drawnId":"SSvL4CwdV8tQLUolyJ6L","elapsedTime":7521,"eventNumber":47,"eventType":"ACTIVE_DRAWN_UPDATE","level":"info","message":"Stream Event","requestId":"req_1738903511064_fg21p1za5","status":"contest","timestamp":"2025-02-07T04:45:18.586Z","type":"STREAM_EVENT"}
{"businessId":"Em2g6Py18uJWsOEx5LqJ","context":"streamActiveDrawn","contractId":"uqZGKx2zfvgC9PhQFC2P","documentId":"URHsQmSkIzLnTgZMREp4","elapsedTime":7520,"level":"info","message":"Initial document emission","timestamp":"2025-02-07T04:45:18.586Z"}
{"businessId":"Em2g6Py18uJWsOEx5LqJ","drawnId":"URHsQmSkIzLnTgZMREp4","elapsedTime":7521,"eventNumber":48,"eventType":"ACTIVE_DRAWN_UPDATE","level":"info","message":"Stream Event","requestId":"req_1738903511064_fg21p1za5","status":"drawing","timestamp":"2025-02-07T04:45:18.586Z","type":"STREAM_EVENT"}
{"context":"streamActiveDrawn","documentId":"WBJveZamjfgfXVuEtvkv","elapsedTime":7520,"level":"info","message":"Initial document emission","timestamp":"2025-02-07T04:45:18.586Z"}
{"businessId":"","drawnId":"WBJveZamjfgfXVuEtvkv","elapsedTime":7521,"eventNumber":49,"eventType":"ACTIVE_DRAWN_UPDATE","level":"info","message":"Stream Event","requestId":"req_1738903511064_fg21p1za5","status":"contest","timestamp":"2025-02-07T04:45:18.586Z","type":"STREAM_EVENT"}
{"context":"streamActiveDrawn","documentId":"Pw01hYn3D39RHZClNvLJ","elapsedTime":7520,"level":"info","message":"Initial document emission","timestamp":"2025-02-07T04:45:18.586Z"}
{"businessId":"","drawnId":"Pw01hYn3D39RHZClNvLJ","elapsedTime":7521,"eventNumber":50,"eventType":"ACTIVE_DRAWN_UPDATE","level":"info","message":"Stream Event","requestId":"req_1738903511064_fg21p1za5","status":"contest","timestamp":"2025-02-07T04:45:18.586Z","type":"STREAM_EVENT"}
{"businessId":"FRyA16Lr0nGX39fjsESu","context":"streamActiveDrawn","contractId":"XPPbJAxGKgeFpmHZ0rUz","documentId":"ShtiQmIOoHifWLIoQ0EN","elapsedTime":7521,"level":"info","message":"Initial document emission","timestamp":"2025-02-07T04:45:18.587Z"}
{"businessId":"FRyA16Lr0nGX39fjsESu","drawnId":"ShtiQmIOoHifWLIoQ0EN","elapsedTime":7522,"eventNumber":51,"eventType":"ACTIVE_DRAWN_UPDATE","level":"info","message":"Stream Event","requestId":"req_1738903511064_fg21p1za5","status":"contest","timestamp":"2025-02-07T04:45:18.587Z","type":"STREAM_EVENT"}
{"businessId":"lgrbv1npxxMwMJZn7mX7","context":"streamActiveDrawn","contractId":"9JCB9DY0wuuzkbcyXXZ0","documentId":"V1KYy5OxAgQ1fZz1Y8X1","elapsedTime":7521,"level":"info","message":"Initial document emission","timestamp":"2025-02-07T04:45:18.587Z"}
{"businessId":"lgrbv1npxxMwMJZn7mX7","drawnId":"V1KYy5OxAgQ1fZz1Y8X1","elapsedTime":7522,"eventNumber":52,"eventType":"ACTIVE_DRAWN_UPDATE","level":"info","message":"Stream Event","requestId":"req_1738903511064_fg21p1za5","status":"contest","timestamp":"2025-02-07T04:45:18.587Z","type":"STREAM_EVENT"}
{"businessId":"huBXQHNwv8aKZlYXGDT0","context":"streamActiveDrawn","contractId":"zRWs5vrjGkPP7Khuk3B9","documentId":"WDswB3PZ0YyvoVBuLtSv","elapsedTime":7521,"level":"info","message":"Initial document emission","timestamp":"2025-02-07T04:45:18.587Z"}
{"businessId":"huBXQHNwv8aKZlYXGDT0","drawnId":"WDswB3PZ0YyvoVBuLtSv","elapsedTime":7523,"eventNumber":53,"eventType":"ACTIVE_DRAWN_UPDATE","level":"info","message":"Stream Event","requestId":"req_1738903511064_fg21p1za5","status":"contest","timestamp":"2025-02-07T04:45:18.588Z","type":"STREAM_EVENT"}
{"businessId":"G62PPy027b7kexpXElzh","context":"streamActiveDrawn","contractId":"ydVqOeLZuQ0bUDxK4QnL","documentId":"WvkLZXCBv28hbVJYMvgQ","elapsedTime":7522,"level":"info","message":"Initial document emission","timestamp":"2025-02-07T04:45:18.588Z"}
{"businessId":"G62PPy027b7kexpXElzh","drawnId":"WvkLZXCBv28hbVJYMvgQ","elapsedTime":7523,"eventNumber":54,"eventType":"ACTIVE_DRAWN_UPDATE","level":"info","message":"Stream Event","requestId":"req_1738903511064_fg21p1za5","status":"drawing","timestamp":"2025-02-07T04:45:18.588Z","type":"STREAM_EVENT"}
{"businessId":"KHq348BhyCRhDsVJLrv9","context":"streamActiveDrawn","contractId":"pxEMdQX1Zobr6rsadW7I","documentId":"XAmAjBpvYRJXWWRjZL7M","elapsedTime":7522,"level":"info","message":"Initial document emission","timestamp":"2025-02-07T04:45:18.588Z"}
{"businessId":"KHq348BhyCRhDsVJLrv9","drawnId":"XAmAjBpvYRJXWWRjZL7M","elapsedTime":7523,"eventNumber":55,"eventType":"ACTIVE_DRAWN_UPDATE","level":"info","message":"Stream Event","requestId":"req_1738903511064_fg21p1za5","status":"contest","timestamp":"2025-02-07T04:45:18.588Z","type":"STREAM_EVENT"}
{"context":"streamActiveDrawn","documentId":"cNDr60yy4hZwHgFuYbKx","elapsedTime":7524,"level":"info","message":"Initial document emission","timestamp":"2025-02-07T04:45:18.590Z"}
{"businessId":"","drawnId":"cNDr60yy4hZwHgFuYbKx","elapsedTime":7525,"eventNumber":56,"eventType":"ACTIVE_DRAWN_UPDATE","level":"info","message":"Stream Event","requestId":"req_1738903511064_fg21p1za5","status":"drawing","timestamp":"2025-02-07T04:45:18.590Z","type":"STREAM_EVENT"}
{"businessId":"LZBqQXoluoZ7Kl9xSFr9","context":"streamActiveDrawn","contractId":"5XDVfWUeFr34ZdARPwuy","documentId":"YTw3BnVnXHykAUawddf8","elapsedTime":7524,"level":"info","message":"Initial document emission","timestamp":"2025-02-07T04:45:18.590Z"}
{"businessId":"LZBqQXoluoZ7Kl9xSFr9","drawnId":"YTw3BnVnXHykAUawddf8","elapsedTime":7525,"eventNumber":57,"eventType":"ACTIVE_DRAWN_UPDATE","level":"info","message":"Stream Event","requestId":"req_1738903511064_fg21p1za5","status":"contest","timestamp":"2025-02-07T04:45:18.590Z","type":"STREAM_EVENT"}
{"businessId":"xlZY0pu6EhG16L23bFmD","context":"streamActiveDrawn","contractId":"Nb8bVAvYhTBoZBFCcvLp","documentId":"YcDSUK5pk91ErJw4RUkL","elapsedTime":7524,"level":"info","message":"Initial document emission","timestamp":"2025-02-07T04:45:18.590Z"}
{"businessId":"xlZY0pu6EhG16L23bFmD","drawnId":"YcDSUK5pk91ErJw4RUkL","elapsedTime":7525,"eventNumber":58,"eventType":"ACTIVE_DRAWN_UPDATE","level":"info","message":"Stream Event","requestId":"req_1738903511064_fg21p1za5","status":"drawing","timestamp":"2025-02-07T04:45:18.590Z","type":"STREAM_EVENT"}
{"businessId":"LwQQSnp4aqGChUiyTWz8","context":"streamActiveDrawn","contractId":"4EXAjERfibDlbl9FjzLt","documentId":"agAUVYxOXdUm2laShKYI","elapsedTime":7524,"level":"info","message":"Initial document emission","timestamp":"2025-02-07T04:45:18.590Z"}
{"businessId":"LwQQSnp4aqGChUiyTWz8","drawnId":"agAUVYxOXdUm2laShKYI","elapsedTime":7525,"eventNumber":59,"eventType":"ACTIVE_DRAWN_UPDATE","level":"info","message":"Stream Event","requestId":"req_1738903511064_fg21p1za5","status":"drawing","timestamp":"2025-02-07T04:45:18.590Z","type":"STREAM_EVENT"}
{"businessId":"UgFjDD6zaw6eIDRzcZ5L","context":"streamActiveDrawn","contractId":"KaHWMsDsV9yYPCulmNUO","documentId":"cPMCMQI0PcSo6WY7kJMW","elapsedTime":7524,"level":"info","message":"Initial document emission","timestamp":"2025-02-07T04:45:18.590Z"}
{"businessId":"UgFjDD6zaw6eIDRzcZ5L","drawnId":"cPMCMQI0PcSo6WY7kJMW","elapsedTime":7526,"eventNumber":60,"eventType":"ACTIVE_DRAWN_UPDATE","level":"info","message":"Stream Event","requestId":"req_1738903511064_fg21p1za5","status":"contest","timestamp":"2025-02-07T04:45:18.591Z","type":"STREAM_EVENT"}
{"businessId":"y3gtQVLbQz2xQ2Sz12JN","context":"streamActiveDrawn","contractId":"Xw2eOBHAm3KfqeOM6qcM","documentId":"cVcTRQaFDj9Zc7dpV1vy","elapsedTime":7525,"level":"info","message":"Initial document emission","timestamp":"2025-02-07T04:45:18.591Z"}
{"businessId":"y3gtQVLbQz2xQ2Sz12JN","drawnId":"cVcTRQaFDj9Zc7dpV1vy","elapsedTime":7526,"eventNumber":61,"eventType":"ACTIVE_DRAWN_UPDATE","level":"info","message":"Stream Event","requestId":"req_1738903511064_fg21p1za5","status":"contest","timestamp":"2025-02-07T04:45:18.591Z","type":"STREAM_EVENT"}
{"businessId":"ynxTdeHiqaemDKSjjc37","context":"streamActiveDrawn","contractId":"1qPTEmkwtUhlg4nctIET","documentId":"dccVLctC9GBrJONh8yDi","elapsedTime":7525,"level":"info","message":"Initial document emission","timestamp":"2025-02-07T04:45:18.591Z"}
{"businessId":"ynxTdeHiqaemDKSjjc37","drawnId":"dccVLctC9GBrJONh8yDi","elapsedTime":7526,"eventNumber":62,"eventType":"ACTIVE_DRAWN_UPDATE","level":"info","message":"Stream Event","requestId":"req_1738903511064_fg21p1za5","status":"drawing","timestamp":"2025-02-07T04:45:18.591Z","type":"STREAM_EVENT"}
{"businessId":"0Z6OsZdJMRB0m2P0XqDS","context":"streamActiveDrawn","contractId":"J1yzYUyNtLyVtOm3droH","documentId":"demwvHiWR9XZjZMuKIGA","elapsedTime":7525,"level":"info","message":"Initial document emission","timestamp":"2025-02-07T04:45:18.591Z"}
{"businessId":"0Z6OsZdJMRB0m2P0XqDS","drawnId":"demwvHiWR9XZjZMuKIGA","elapsedTime":7526,"eventNumber":63,"eventType":"ACTIVE_DRAWN_UPDATE","level":"info","message":"Stream Event","requestId":"req_1738903511064_fg21p1za5","status":"contest","timestamp":"2025-02-07T04:45:18.591Z","type":"STREAM_EVENT"}
{"businessId":"LZBqQXoluoZ7Kl9xSFr9","context":"streamActiveDrawn","contractId":"5XDVfWUeFr34ZdARPwuy","documentId":"evQIF6rBRZNDBfJH6fY2","elapsedTime":7525,"level":"info","message":"Initial document emission","timestamp":"2025-02-07T04:45:18.591Z"}
{"businessId":"LZBqQXoluoZ7Kl9xSFr9","drawnId":"evQIF6rBRZNDBfJH6fY2","elapsedTime":7526,"eventNumber":64,"eventType":"ACTIVE_DRAWN_UPDATE","level":"info","message":"Stream Event","requestId":"req_1738903511064_fg21p1za5","status":"contest","timestamp":"2025-02-07T04:45:18.591Z","type":"STREAM_EVENT"}
{"businessId":"Xlm06yZrJfvLmWck0q8d","context":"streamActiveDrawn","contractId":"XzOKlRZu5WJIjcLr57Bv","documentId":"dgdIDquUUL8vNWFsHafJ","elapsedTime":7525,"level":"info","message":"Initial document emission","timestamp":"2025-02-07T04:45:18.591Z"}
{"businessId":"Xlm06yZrJfvLmWck0q8d","drawnId":"dgdIDquUUL8vNWFsHafJ","elapsedTime":7527,"eventNumber":65,"eventType":"ACTIVE_DRAWN_UPDATE","level":"info","message":"Stream Event","requestId":"req_1738903511064_fg21p1za5","status":"contest","timestamp":"2025-02-07T04:45:18.592Z","type":"STREAM_EVENT"}
{"context":"streamActiveDrawn","documentId":"fb1f4575-a34a-4616-8af8-d90294153309","elapsedTime":7526,"level":"info","message":"Initial document emission","timestamp":"2025-02-07T04:45:18.592Z"}
{"businessId":"","drawnId":"fb1f4575-a34a-4616-8af8-d90294153309","elapsedTime":7527,"eventNumber":66,"eventType":"ACTIVE_DRAWN_UPDATE","level":"info","message":"Stream Event","requestId":"req_1738903511064_fg21p1za5","status":"contest","timestamp":"2025-02-07T04:45:18.592Z","type":"STREAM_EVENT"}
{"businessId":"ccl3hmUkn1FzAlaGeFKP","context":"streamActiveDrawn","contractId":"3KgsjWFTCPURpaVZvxMP","documentId":"ftKHEktQASXhlX3tRavT","elapsedTime":7526,"level":"info","message":"Initial document emission","timestamp":"2025-02-07T04:45:18.592Z"}
{"businessId":"ccl3hmUkn1FzAlaGeFKP","drawnId":"ftKHEktQASXhlX3tRavT","elapsedTime":7529,"eventNumber":67,"eventType":"ACTIVE_DRAWN_UPDATE","level":"info","message":"Stream Event","requestId":"req_1738903511064_fg21p1za5","status":"contest","timestamp":"2025-02-07T04:45:18.594Z","type":"STREAM_EVENT"}
{"businessId":"GCJbNhhPDEeiPiSptK1G","context":"streamActiveDrawn","contractId":"iwiwDFj4FrTRMarknkSv","documentId":"g364KYWIhYe8eFK29MMk","elapsedTime":7528,"level":"info","message":"Initial document emission","timestamp":"2025-02-07T04:45:18.594Z"}
{"businessId":"GCJbNhhPDEeiPiSptK1G","drawnId":"g364KYWIhYe8eFK29MMk","elapsedTime":7529,"eventNumber":68,"eventType":"ACTIVE_DRAWN_UPDATE","level":"info","message":"Stream Event","requestId":"req_1738903511064_fg21p1za5","status":"open","timestamp":"2025-02-07T04:45:18.594Z","type":"STREAM_EVENT"}
{"context":"streamActiveDrawn","documentId":"gC1wO3tCc4jTv3VCiohD","elapsedTime":7528,"level":"info","message":"Initial document emission","timestamp":"2025-02-07T04:45:18.594Z"}
{"businessId":"","drawnId":"gC1wO3tCc4jTv3VCiohD","elapsedTime":7529,"eventNumber":69,"eventType":"ACTIVE_DRAWN_UPDATE","level":"info","message":"Stream Event","requestId":"req_1738903511064_fg21p1za5","status":"contest","timestamp":"2025-02-07T04:45:18.594Z","type":"STREAM_EVENT"}
{"context":"streamActiveDrawn","documentId":"hZSl74f45bQYAfEAosA8","elapsedTime":7528,"level":"info","message":"Initial document emission","timestamp":"2025-02-07T04:45:18.594Z"}
{"businessId":"","drawnId":"hZSl74f45bQYAfEAosA8","elapsedTime":7529,"eventNumber":70,"eventType":"ACTIVE_DRAWN_UPDATE","level":"info","message":"Stream Event","requestId":"req_1738903511064_fg21p1za5","status":"contest","timestamp":"2025-02-07T04:45:18.594Z","type":"STREAM_EVENT"}
{"businessId":"MhzMLKQreybT0H8vDqrS","context":"streamActiveDrawn","contractId":"SzVgBPTt8G5PXTIpp7xA","documentId":"hfXUb56OfFxt6VMhfAM1","elapsedTime":7528,"level":"info","message":"Initial document emission","timestamp":"2025-02-07T04:45:18.594Z"}
{"businessId":"MhzMLKQreybT0H8vDqrS","drawnId":"hfXUb56OfFxt6VMhfAM1","elapsedTime":7530,"eventNumber":71,"eventType":"ACTIVE_DRAWN_UPDATE","level":"info","message":"Stream Event","requestId":"req_1738903511064_fg21p1za5","status":"contest","timestamp":"2025-02-07T04:45:18.595Z","type":"STREAM_EVENT"}
{"businessId":"WI6DlS8ZCV3TYBH9QVVV","context":"streamActiveDrawn","contractId":"qfxdEwoawZpkfe0caR9Y","documentId":"hplAvEsz59cX6MxXGxat","elapsedTime":7529,"level":"info","message":"Initial document emission","timestamp":"2025-02-07T04:45:18.595Z"}
{"businessId":"WI6DlS8ZCV3TYBH9QVVV","drawnId":"hplAvEsz59cX6MxXGxat","elapsedTime":7530,"eventNumber":72,"eventType":"ACTIVE_DRAWN_UPDATE","level":"info","message":"Stream Event","requestId":"req_1738903511064_fg21p1za5","status":"contest","timestamp":"2025-02-07T04:45:18.595Z","type":"STREAM_EVENT"}
{"businessId":"0n9bo5PptXrmENj1tJ1g","context":"streamActiveDrawn","contractId":"oAnZOvwOVLQ4C7FzMkzb","documentId":"iolMbPu62rvlDumpz1mL","elapsedTime":7529,"level":"info","message":"Initial document emission","timestamp":"2025-02-07T04:45:18.595Z"}
{"businessId":"0n9bo5PptXrmENj1tJ1g","drawnId":"iolMbPu62rvlDumpz1mL","elapsedTime":7530,"eventNumber":73,"eventType":"ACTIVE_DRAWN_UPDATE","level":"info","message":"Stream Event","requestId":"req_1738903511064_fg21p1za5","status":"contest","timestamp":"2025-02-07T04:45:18.595Z","type":"STREAM_EVENT"}
{"businessId":"Xlm06yZrJfvLmWck0q8d","context":"streamActiveDrawn","contractId":"kHy84ngafYLcHWKOIaHj","documentId":"jKVmoQfEGpj4KGlRvyIo","elapsedTime":7529,"level":"info","message":"Initial document emission","timestamp":"2025-02-07T04:45:18.595Z"}
{"businessId":"Xlm06yZrJfvLmWck0q8d","drawnId":"jKVmoQfEGpj4KGlRvyIo","elapsedTime":7530,"eventNumber":74,"eventType":"ACTIVE_DRAWN_UPDATE","level":"info","message":"Stream Event","requestId":"req_1738903511064_fg21p1za5","status":"contest","timestamp":"2025-02-07T04:45:18.595Z","type":"STREAM_EVENT"}
{"businessId":"GqR4QGrCo77PbyfG5XtX","context":"streamActiveDrawn","contractId":"dIgeeCmc8lwL00NK5BAA","documentId":"kMQXPjJ38ohVibizyy3L","elapsedTime":7529,"level":"info","message":"Initial document emission","timestamp":"2025-02-07T04:45:18.595Z"}
{"businessId":"GqR4QGrCo77PbyfG5XtX","drawnId":"kMQXPjJ38ohVibizyy3L","elapsedTime":7530,"eventNumber":75,"eventType":"ACTIVE_DRAWN_UPDATE","level":"info","message":"Stream Event","requestId":"req_1738903511064_fg21p1za5","status":"open","timestamp":"2025-02-07T04:45:18.595Z","type":"STREAM_EVENT"}
{"businessId":"lgrbv1npxxMwMJZn7mX7","context":"streamActiveDrawn","contractId":"PBIQWLnQVVCFl0OqdWgB","documentId":"knq3tpmnQKvsGanVBu5R","elapsedTime":7529,"level":"info","message":"Initial document emission","timestamp":"2025-02-07T04:45:18.595Z"}
{"businessId":"lgrbv1npxxMwMJZn7mX7","drawnId":"knq3tpmnQKvsGanVBu5R","elapsedTime":7530,"eventNumber":76,"eventType":"ACTIVE_DRAWN_UPDATE","level":"info","message":"Stream Event","requestId":"req_1738903511064_fg21p1za5","status":"contest","timestamp":"2025-02-07T04:45:18.595Z","type":"STREAM_EVENT"}
{"context":"streamActiveDrawn","documentId":"krvSBmG8J88vT63ztk28","elapsedTime":7530,"level":"info","message":"Initial document emission","timestamp":"2025-02-07T04:45:18.596Z"}
{"businessId":"","drawnId":"krvSBmG8J88vT63ztk28","elapsedTime":7531,"eventNumber":77,"eventType":"ACTIVE_DRAWN_UPDATE","level":"info","message":"Stream Event","requestId":"req_1738903511064_fg21p1za5","status":"contest","timestamp":"2025-02-07T04:45:18.596Z","type":"STREAM_EVENT"}
{"businessId":"UxymPQS8qrfG8AsuIRho","context":"streamActiveDrawn","contractId":"a0D2184Ch24jZk4hVpAp","documentId":"lnTvfyE6CQDgY4ibkQ44","elapsedTime":7530,"level":"info","message":"Initial document emission","timestamp":"2025-02-07T04:45:18.596Z"}
{"businessId":"UxymPQS8qrfG8AsuIRho","drawnId":"lnTvfyE6CQDgY4ibkQ44","elapsedTime":7531,"eventNumber":78,"eventType":"ACTIVE_DRAWN_UPDATE","level":"info","message":"Stream Event","requestId":"req_1738903511064_fg21p1za5","status":"contest","timestamp":"2025-02-07T04:45:18.596Z","type":"STREAM_EVENT"}
{"businessId":"iZbwXIDtgWKUuer1GkCz","context":"streamActiveDrawn","contractId":"jVkHOEIL8wE0KoHdFuPY","documentId":"loJCoSgK8QsLeAk0DPWh","elapsedTime":7530,"level":"info","message":"Initial document emission","timestamp":"2025-02-07T04:45:18.596Z"}
{"businessId":"iZbwXIDtgWKUuer1GkCz","drawnId":"loJCoSgK8QsLeAk0DPWh","elapsedTime":7531,"eventNumber":79,"eventType":"ACTIVE_DRAWN_UPDATE","level":"info","message":"Stream Event","requestId":"req_1738903511064_fg21p1za5","status":"contest","timestamp":"2025-02-07T04:45:18.596Z","type":"STREAM_EVENT"}
{"businessId":"QEPemFCSeryzXl8CemaJ","context":"streamActiveDrawn","contractId":"s6N03MRVzgjvu8kO38C0","documentId":"lpV8yB7wJ2iS0FMaEWfe","elapsedTime":7530,"level":"info","message":"Initial document emission","timestamp":"2025-02-07T04:45:18.596Z"}
{"businessId":"QEPemFCSeryzXl8CemaJ","drawnId":"lpV8yB7wJ2iS0FMaEWfe","elapsedTime":7531,"eventNumber":80,"eventType":"ACTIVE_DRAWN_UPDATE","level":"info","message":"Stream Event","requestId":"req_1738903511064_fg21p1za5","status":"contest","timestamp":"2025-02-07T04:45:18.596Z","type":"STREAM_EVENT"}
{"businessId":"KHq348BhyCRhDsVJLrv9","context":"streamActiveDrawn","contractId":"pxEMdQX1Zobr6rsadW7I","documentId":"n3KR5TyvkToMwxv5bU9F","elapsedTime":7530,"level":"info","message":"Initial document emission","timestamp":"2025-02-07T04:45:18.596Z"}
{"businessId":"KHq348BhyCRhDsVJLrv9","drawnId":"n3KR5TyvkToMwxv5bU9F","elapsedTime":7531,"eventNumber":81,"eventType":"ACTIVE_DRAWN_UPDATE","level":"info","message":"Stream Event","requestId":"req_1738903511064_fg21p1za5","status":"contest","timestamp":"2025-02-07T04:45:18.596Z","type":"STREAM_EVENT"}
{"businessId":"YwEJlCJ7EcIsedTvPxpS","context":"streamActiveDrawn","contractId":"1PG2wgLZ9ESLnQGbdwji","documentId":"nKdQ45eySJ1QY7v4d3oy","elapsedTime":7530,"level":"info","message":"Initial document emission","timestamp":"2025-02-07T04:45:18.596Z"}
{"businessId":"YwEJlCJ7EcIsedTvPxpS","drawnId":"nKdQ45eySJ1QY7v4d3oy","elapsedTime":7532,"eventNumber":82,"eventType":"ACTIVE_DRAWN_UPDATE","level":"info","message":"Stream Event","requestId":"req_1738903511064_fg21p1za5","status":"contest","timestamp":"2025-02-07T04:45:18.597Z","type":"STREAM_EVENT"}
{"context":"streamActiveDrawn","documentId":"oDDUtb482zz7l5ydIltC","elapsedTime":7531,"level":"info","message":"Initial document emission","timestamp":"2025-02-07T04:45:18.597Z"}
{"businessId":"","drawnId":"oDDUtb482zz7l5ydIltC","elapsedTime":7532,"eventNumber":83,"eventType":"ACTIVE_DRAWN_UPDATE","level":"info","message":"Stream Event","requestId":"req_1738903511064_fg21p1za5","status":"contest","timestamp":"2025-02-07T04:45:18.597Z","type":"STREAM_EVENT"}
{"context":"streamActiveDrawn","documentId":"ml10voVAFHNpKECDuVXa","elapsedTime":7531,"level":"info","message":"Initial document emission","timestamp":"2025-02-07T04:45:18.597Z"}
{"businessId":"","drawnId":"ml10voVAFHNpKECDuVXa","elapsedTime":7532,"eventNumber":84,"eventType":"ACTIVE_DRAWN_UPDATE","level":"info","message":"Stream Event","requestId":"req_1738903511064_fg21p1za5","status":"drawing","timestamp":"2025-02-07T04:45:18.597Z","type":"STREAM_EVENT"}
{"context":"streamActiveDrawn","documentId":"mJn3mdHJ7CBgmW5Enuaj","elapsedTime":7531,"level":"info","message":"Initial document emission","timestamp":"2025-02-07T04:45:18.597Z"}
{"businessId":"","drawnId":"mJn3mdHJ7CBgmW5Enuaj","elapsedTime":7532,"eventNumber":85,"eventType":"ACTIVE_DRAWN_UPDATE","level":"info","message":"Stream Event","requestId":"req_1738903511064_fg21p1za5","status":"contest","timestamp":"2025-02-07T04:45:18.597Z","type":"STREAM_EVENT"}
{"businessId":"p8JFvQBiLluPcQvbNIRp","context":"streamActiveDrawn","contractId":"HEgpX4dMVP0Wt38lX1Nz","documentId":"qIsPv3OoepaUnt8DdRLN","elapsedTime":7531,"level":"info","message":"Initial document emission","timestamp":"2025-02-07T04:45:18.598Z"}
{"businessId":"p8JFvQBiLluPcQvbNIRp","drawnId":"qIsPv3OoepaUnt8DdRLN","elapsedTime":7533,"eventNumber":86,"eventType":"ACTIVE_DRAWN_UPDATE","level":"info","message":"Stream Event","requestId":"req_1738903511064_fg21p1za5","status":"contest","timestamp":"2025-02-07T04:45:18.598Z","type":"STREAM_EVENT"}
{"businessId":"uQzZOBhSln4FCEvQhEwU","context":"streamActiveDrawn","contractId":"6jER4oxs9Wrt97aXsvli","documentId":"qUNxGZYAN7tqPWXdBgeO","elapsedTime":7532,"level":"info","message":"Initial document emission","timestamp":"2025-02-07T04:45:18.598Z"}
{"businessId":"uQzZOBhSln4FCEvQhEwU","drawnId":"qUNxGZYAN7tqPWXdBgeO","elapsedTime":7533,"eventNumber":87,"eventType":"ACTIVE_DRAWN_UPDATE","level":"info","message":"Stream Event","requestId":"req_1738903511064_fg21p1za5","status":"contest","timestamp":"2025-02-07T04:45:18.598Z","type":"STREAM_EVENT"}
{"context":"streamActiveDrawn","documentId":"qOg0tQkiniQFtOABdfX6","elapsedTime":7532,"level":"info","message":"Initial document emission","timestamp":"2025-02-07T04:45:18.598Z"}
{"businessId":"","drawnId":"qOg0tQkiniQFtOABdfX6","elapsedTime":7533,"eventNumber":88,"eventType":"ACTIVE_DRAWN_UPDATE","level":"info","message":"Stream Event","requestId":"req_1738903511064_fg21p1za5","status":"contest","timestamp":"2025-02-07T04:45:18.598Z","type":"STREAM_EVENT"}
{"context":"streamActiveDrawn","documentId":"pV6iuiyaIlGwLUjj2bu5","elapsedTime":7532,"level":"info","message":"Initial document emission","timestamp":"2025-02-07T04:45:18.598Z"}
{"businessId":"","drawnId":"pV6iuiyaIlGwLUjj2bu5","elapsedTime":7533,"eventNumber":89,"eventType":"ACTIVE_DRAWN_UPDATE","level":"info","message":"Stream Event","requestId":"req_1738903511064_fg21p1za5","status":"contest","timestamp":"2025-02-07T04:45:18.598Z","type":"STREAM_EVENT"}
{"context":"streamActiveDrawn","documentId":"tCAAS4uoTLeDyPvxXFVG","elapsedTime":7532,"level":"info","message":"Initial document emission","timestamp":"2025-02-07T04:45:18.598Z"}
{"businessId":"","drawnId":"tCAAS4uoTLeDyPvxXFVG","elapsedTime":7533,"eventNumber":90,"eventType":"ACTIVE_DRAWN_UPDATE","level":"info","message":"Stream Event","requestId":"req_1738903511064_fg21p1za5","status":"contest","timestamp":"2025-02-07T04:45:18.598Z","type":"STREAM_EVENT"}
{"businessId":"Tib2YpTLobwlvyXDhBft","context":"streamActiveDrawn","contractId":"J3CDmDTmPIvSClY9GihL","documentId":"ufbF8G8YXkFVbDHESaJg","elapsedTime":7532,"level":"info","message":"Initial document emission","timestamp":"2025-02-07T04:45:18.598Z"}
{"businessId":"Tib2YpTLobwlvyXDhBft","drawnId":"ufbF8G8YXkFVbDHESaJg","elapsedTime":7533,"eventNumber":91,"eventType":"ACTIVE_DRAWN_UPDATE","level":"info","message":"Stream Event","requestId":"req_1738903511064_fg21p1za5","status":"contest","timestamp":"2025-02-07T04:45:18.598Z","type":"STREAM_EVENT"}
{"businessId":"AYvawbIX1fyxOXj3atE2","context":"streamActiveDrawn","contractId":"pUfknSRpfiuiHbR6eakW","documentId":"vendorDraw-4ba57a35-2680-40f2-9b2c-a808cb7cdf06","elapsedTime":7532,"level":"info","message":"Initial document emission","timestamp":"2025-02-07T04:45:18.598Z"}
{"businessId":"AYvawbIX1fyxOXj3atE2","drawnId":"vendorDraw-4ba57a35-2680-40f2-9b2c-a808cb7cdf06","elapsedTime":7533,"eventNumber":92,"eventType":"ACTIVE_DRAWN_UPDATE","level":"info","message":"Stream Event","requestId":"req_1738903511064_fg21p1za5","status":"contest","timestamp":"2025-02-07T04:45:18.598Z","type":"STREAM_EVENT"}
{"businessId":"KHq348BhyCRhDsVJLrv9","context":"streamActiveDrawn","contractId":"pxEMdQX1Zobr6rsadW7I","documentId":"vj04G7kDU0mWnX3x4Cct","elapsedTime":7532,"level":"info","message":"Initial document emission","timestamp":"2025-02-07T04:45:18.598Z"}
{"businessId":"KHq348BhyCRhDsVJLrv9","drawnId":"vj04G7kDU0mWnX3x4Cct","elapsedTime":7533,"eventNumber":93,"eventType":"ACTIVE_DRAWN_UPDATE","level":"info","message":"Stream Event","requestId":"req_1738903511064_fg21p1za5","status":"contest","timestamp":"2025-02-07T04:45:18.598Z","type":"STREAM_EVENT"}
{"businessId":"IHdlm4LTNAdmLYrWqMPA","context":"streamActiveDrawn","contractId":"HJQKJg7cpoox7H84UrRk","documentId":"sIA9zuPDqlSccE5Tw63y","elapsedTime":7533,"level":"info","message":"Initial document emission","timestamp":"2025-02-07T04:45:18.599Z"}
{"businessId":"IHdlm4LTNAdmLYrWqMPA","drawnId":"sIA9zuPDqlSccE5Tw63y","elapsedTime":7534,"eventNumber":94,"eventType":"ACTIVE_DRAWN_UPDATE","level":"info","message":"Stream Event","requestId":"req_1738903511064_fg21p1za5","status":"drawing","timestamp":"2025-02-07T04:45:18.599Z","type":"STREAM_EVENT"}
{"businessId":"asZCssaP0fHR9AvK09lq","context":"streamActiveDrawn","contractId":"mK2wE1t0hbvoNYFFm6RG","documentId":"sl0rOhnJ3z0HgeUZ40LM","elapsedTime":7533,"level":"info","message":"Initial document emission","timestamp":"2025-02-07T04:45:18.599Z"}
{"businessId":"asZCssaP0fHR9AvK09lq","drawnId":"sl0rOhnJ3z0HgeUZ40LM","elapsedTime":7534,"eventNumber":95,"eventType":"ACTIVE_DRAWN_UPDATE","level":"info","message":"Stream Event","requestId":"req_1738903511064_fg21p1za5","status":"contest","timestamp":"2025-02-07T04:45:18.599Z","type":"STREAM_EVENT"}
{"businessId":"Em2g6Py18uJWsOEx5LqJ","context":"streamActiveDrawn","contractId":"uqZGKx2zfvgC9PhQFC2P","documentId":"seWpc5jwSw9yMCWzUss1","elapsedTime":7533,"level":"info","message":"Initial document emission","timestamp":"2025-02-07T04:45:18.599Z"}
{"businessId":"Em2g6Py18uJWsOEx5LqJ","drawnId":"seWpc5jwSw9yMCWzUss1","elapsedTime":7534,"eventNumber":96,"eventType":"ACTIVE_DRAWN_UPDATE","level":"info","message":"Stream Event","requestId":"req_1738903511064_fg21p1za5","status":"predraw","timestamp":"2025-02-07T04:45:18.599Z","type":"STREAM_EVENT"}
{"businessId":"Tib2YpTLobwlvyXDhBft","context":"streamActiveDrawn","contractId":"J3CDmDTmPIvSClY9GihL","documentId":"vendorDraw-5752fea7-8f6f-4a72-9e28-b5ff41d87966","elapsedTime":7533,"level":"info","message":"Initial document emission","timestamp":"2025-02-07T04:45:18.599Z"}
{"businessId":"Tib2YpTLobwlvyXDhBft","drawnId":"vendorDraw-5752fea7-8f6f-4a72-9e28-b5ff41d87966","elapsedTime":7534,"eventNumber":97,"eventType":"ACTIVE_DRAWN_UPDATE","level":"info","message":"Stream Event","requestId":"req_1738903511064_fg21p1za5","status":"contest","timestamp":"2025-02-07T04:45:18.599Z","type":"STREAM_EVENT"}
{"context":"streamActiveDrawn","documentId":"tRZVzz25hVp6q7fgCJQY","elapsedTime":7533,"level":"info","message":"Initial document emission","timestamp":"2025-02-07T04:45:18.599Z"}
{"businessId":"","drawnId":"tRZVzz25hVp6q7fgCJQY","elapsedTime":7534,"eventNumber":98,"eventType":"ACTIVE_DRAWN_UPDATE","level":"info","message":"Stream Event","requestId":"req_1738903511064_fg21p1za5","status":"drawing","timestamp":"2025-02-07T04:45:18.599Z","type":"STREAM_EVENT"}
{"businessId":"MhzMLKQreybT0H8vDqrS","context":"streamActiveDrawn","contractId":"SzVgBPTt8G5PXTIpp7xA","documentId":"rOT5jiy9e1aQFfjbMsJE","elapsedTime":7533,"level":"info","message":"Initial document emission","timestamp":"2025-02-07T04:45:18.599Z"}
{"businessId":"MhzMLKQreybT0H8vDqrS","drawnId":"rOT5jiy9e1aQFfjbMsJE","elapsedTime":7534,"eventNumber":99,"eventType":"ACTIVE_DRAWN_UPDATE","level":"info","message":"Stream Event","requestId":"req_1738903511064_fg21p1za5","status":"contest","timestamp":"2025-02-07T04:45:18.599Z","type":"STREAM_EVENT"}
{"businessId":"Tib2YpTLobwlvyXDhBft","context":"streamActiveDrawn","contractId":"J3CDmDTmPIvSClY9GihL","documentId":"xONJYHeC9ltPi2GJHMZX","elapsedTime":7533,"level":"info","message":"Initial document emission","timestamp":"2025-02-07T04:45:18.599Z"}
{"businessId":"Tib2YpTLobwlvyXDhBft","drawnId":"xONJYHeC9ltPi2GJHMZX","elapsedTime":7535,"eventNumber":100,"eventType":"ACTIVE_DRAWN_UPDATE","level":"info","message":"Stream Event","requestId":"req_1738903511064_fg21p1za5","status":"contest","timestamp":"2025-02-07T04:45:18.600Z","type":"STREAM_EVENT"}
{"businessId":"qsCesLzCBYbhlyQDbZ7g","context":"streamActiveDrawn","contractId":"DebN7jX6hVvJzrnYLbqn","documentId":"wk2zhrGaVDpk2tNVQ9g6","elapsedTime":7534,"level":"info","message":"Initial document emission","timestamp":"2025-02-07T04:45:18.600Z"}
{"businessId":"qsCesLzCBYbhlyQDbZ7g","drawnId":"wk2zhrGaVDpk2tNVQ9g6","elapsedTime":7535,"eventNumber":101,"eventType":"ACTIVE_DRAWN_UPDATE","level":"info","message":"Stream Event","requestId":"req_1738903511064_fg21p1za5","status":"contest","timestamp":"2025-02-07T04:45:18.600Z","type":"STREAM_EVENT"}
{"context":"streamActiveDrawn","documentId":"yx0oZEQt31H4kHO5Qp2x","elapsedTime":7771,"level":"info","message":"Initial document emission","timestamp":"2025-02-07T04:45:18.837Z"}
{"businessId":"","drawnId":"yx0oZEQt31H4kHO5Qp2x","elapsedTime":7772,"eventNumber":102,"eventType":"ACTIVE_DRAWN_UPDATE","level":"info","message":"Stream Event","requestId":"req_1738903511064_fg21p1za5","status":"contest","timestamp":"2025-02-07T04:45:18.837Z","type":"STREAM_EVENT"}
{"businessId":"Xlm06yZrJfvLmWck0q8d","context":"streamActiveDrawn","contractId":"kePFhjJSyjO464XaMLww","documentId":"y1p58mwvYTYcBl3ARkk0","elapsedTime":7771,"level":"info","message":"Initial document emission","timestamp":"2025-02-07T04:45:18.837Z"}
{"businessId":"Xlm06yZrJfvLmWck0q8d","drawnId":"y1p58mwvYTYcBl3ARkk0","elapsedTime":7772,"eventNumber":103,"eventType":"ACTIVE_DRAWN_UPDATE","level":"info","message":"Stream Event","requestId":"req_1738903511064_fg21p1za5","status":"contest","timestamp":"2025-02-07T04:45:18.837Z","type":"STREAM_EVENT"}
{"businessId":"lgrbv1npxxMwMJZn7mX7","context":"streamActiveDrawn","contractId":"PBIQWLnQVVCFl0OqdWgB","documentId":"zN8xqObldiG8wz1Eq6jB","elapsedTime":7771,"level":"info","message":"Initial document emission","timestamp":"2025-02-07T04:45:18.837Z"}
{"businessId":"lgrbv1npxxMwMJZn7mX7","drawnId":"zN8xqObldiG8wz1Eq6jB","elapsedTime":7772,"eventNumber":104,"eventType":"ACTIVE_DRAWN_UPDATE","level":"info","message":"Stream Event","requestId":"req_1738903511064_fg21p1za5","status":"contest","timestamp":"2025-02-07T04:45:18.837Z","type":"STREAM_EVENT"}
{"businessId":"ltwe1be8BQ33RSRDBnBm","context":"streamActiveDrawn","contractId":"dxmMr9lfSx6MKspcY0oX","documentId":"zNCFFHNXA1rMqAb5A5Im","elapsedTime":7771,"level":"info","message":"Initial document emission","timestamp":"2025-02-07T04:45:18.837Z"}
{"businessId":"ltwe1be8BQ33RSRDBnBm","drawnId":"zNCFFHNXA1rMqAb5A5Im","elapsedTime":7772,"eventNumber":105,"eventType":"ACTIVE_DRAWN_UPDATE","level":"info","message":"Stream Event","requestId":"req_1738903511064_fg21p1za5","status":"contest","timestamp":"2025-02-07T04:45:18.837Z","type":"STREAM_EVENT"}
{"context":"streamActiveDrawn","documentsProcessed":105,"fetchDuration":7771,"level":"info","memoryUsage":{"arrayBuffers":18999918,"external":21514440,"heapTotal":37634048,"heapUsed":35594104,"rss":74924032},"message":"Initial fetch completed","timestamp":"2025-02-07T04:45:18.837Z"}
